{"/Users/tannoah/Documents/trae_projects/xiaonuo/frontend/src/components/Plan/PlanManagement.tsx": {"path":"/Users/tannoah/Documents/trae_projects/xiaonuo/frontend/src/components/Plan/PlanManagement.tsx","statementMap":{"0":{"start":{"line":1,"column":0},"end":{"line":1,"column":50}},"1":{"start":{"line":2,"column":0},"end":{"line":2,"column":122}},"2":{"start":{"line":3,"column":0},"end":{"line":3,"column":128}},"3":{"start":{"line":4,"column":0},"end":{"line":4,"column":46}},"4":{"start":{"line":7,"column":24},"end":{"line":7,"column":34}},"5":{"start":{"line":10,"column":33},"end":{"line":431,"column":1}},"6":{"start":{"line":11,"column":28},"end":{"line":11,"column":48}},"7":{"start":{"line":12,"column":36},"end":{"line":12,"column":51}},"8":{"start":{"line":13,"column":46},"end":{"line":13,"column":61}},"9":{"start":{"line":14,"column":36},"end":{"line":14,"column":51}},"10":{"start":{"line":15,"column":40},"end":{"line":15,"column":67}},"11":{"start":{"line":16,"column":17},"end":{"line":16,"column":31}},"12":{"start":{"line":19,"column":21},"end":{"line":77,"column":3}},"13":{"start":{"line":20,"column":4},"end":{"line":20,"column":null}},"14":{"start":{"line":21,"column":4},"end":{"line":76,"column":5}},"15":{"start":{"line":22,"column":23},"end":{"line":26,"column":8}},"16":{"start":{"line":28,"column":6},"end":{"line":30,"column":7}},"17":{"start":{"line":29,"column":8},"end":{"line":29,"column":null}},"18":{"start":{"line":32,"column":19},"end":{"line":32,"column":40}},"19":{"start":{"line":33,"column":6},"end":{"line":33,"column":null}},"20":{"start":{"line":35,"column":6},"end":{"line":35,"column":null}},"21":{"start":{"line":37,"column":6},"end":{"line":73,"column":null}},"22":{"start":{"line":75,"column":6},"end":{"line":75,"column":null}},"23":{"start":{"line":79,"column":2},"end":{"line":81,"column":null}},"24":{"start":{"line":80,"column":4},"end":{"line":80,"column":null}},"25":{"start":{"line":84,"column":20},"end":{"line":98,"column":3}},"26":{"start":{"line":85,"column":4},"end":{"line":96,"column":5}},"27":{"start":{"line":86,"column":6},"end":{"line":86,"column":null}},"28":{"start":{"line":87,"column":6},"end":{"line":87,"column":null}},"29":{"start":{"line":88,"column":6},"end":{"line":91,"column":null}},"30":{"start":{"line":93,"column":6},"end":{"line":93,"column":null}},"31":{"start":{"line":94,"column":6},"end":{"line":94,"column":null}},"32":{"start":{"line":95,"column":6},"end":{"line":95,"column":null}},"33":{"start":{"line":97,"column":4},"end":{"line":97,"column":null}},"34":{"start":{"line":101,"column":23},"end":{"line":103,"column":3}},"35":{"start":{"line":102,"column":4},"end":{"line":102,"column":null}},"36":{"start":{"line":106,"column":21},"end":{"line":153,"column":3}},"37":{"start":{"line":107,"column":4},"end":{"line":152,"column":5}},"38":{"start":{"line":108,"column":21},"end":{"line":108,"column":48}},"39":{"start":{"line":111,"column":30},"end":{"line":114,"column":null}},"40":{"start":{"line":113,"column":74},"end":{"line":113,"column":95}},"41":{"start":{"line":118,"column":21},"end":{"line":118,"column":37}},"42":{"start":{"line":119,"column":6},"end":{"line":139,"column":7}},"43":{"start":{"line":121,"column":8},"end":{"line":128,"column":null}},"44":{"start":{"line":131,"column":8},"end":{"line":138,"column":null}},"45":{"start":{"line":141,"column":6},"end":{"line":144,"column":7}},"46":{"start":{"line":142,"column":26},"end":{"line":142,"column":65}},"47":{"start":{"line":142,"column":61},"end":{"line":142,"column":63}},"48":{"start":{"line":143,"column":8},"end":{"line":143,"column":null}},"49":{"start":{"line":146,"column":6},"end":{"line":146,"column":null}},"50":{"start":{"line":147,"column":6},"end":{"line":147,"column":null}},"51":{"start":{"line":148,"column":6},"end":{"line":148,"column":19}},"52":{"start":{"line":150,"column":6},"end":{"line":150,"column":38}},"53":{"start":{"line":151,"column":6},"end":{"line":151,"column":null}},"54":{"start":{"line":156,"column":23},"end":{"line":177,"column":3}},"55":{"start":{"line":157,"column":4},"end":{"line":176,"column":5}},"56":{"start":{"line":158,"column":6},"end":{"line":158,"column":72}},"57":{"start":{"line":159,"column":23},"end":{"line":164,"column":8}},"58":{"start":{"line":166,"column":6},"end":{"line":169,"column":7}},"59":{"start":{"line":167,"column":26},"end":{"line":167,"column":65}},"60":{"start":{"line":167,"column":61},"end":{"line":167,"column":63}},"61":{"start":{"line":168,"column":8},"end":{"line":168,"column":null}},"62":{"start":{"line":171,"column":6},"end":{"line":171,"column":null}},"63":{"start":{"line":172,"column":6},"end":{"line":172,"column":19}},"64":{"start":{"line":174,"column":6},"end":{"line":174,"column":38}},"65":{"start":{"line":175,"column":6},"end":{"line":175,"column":null}},"66":{"start":{"line":180,"column":29},"end":{"line":203,"column":3}},"67":{"start":{"line":181,"column":4},"end":{"line":202,"column":5}},"68":{"start":{"line":182,"column":6},"end":{"line":182,"column":95}},"69":{"start":{"line":183,"column":23},"end":{"line":190,"column":8}},"70":{"start":{"line":192,"column":6},"end":{"line":195,"column":7}},"71":{"start":{"line":193,"column":26},"end":{"line":193,"column":65}},"72":{"start":{"line":193,"column":61},"end":{"line":193,"column":63}},"73":{"start":{"line":194,"column":8},"end":{"line":194,"column":null}},"74":{"start":{"line":197,"column":6},"end":{"line":197,"column":null}},"75":{"start":{"line":198,"column":6},"end":{"line":198,"column":19}},"76":{"start":{"line":200,"column":6},"end":{"line":200,"column":40}},"77":{"start":{"line":201,"column":6},"end":{"line":201,"column":null}},"78":{"start":{"line":206,"column":18},"end":{"line":288,"column":null}},"79":{"start":{"line":211,"column":32},"end":{"line":211,"column":49}},"80":{"start":{"line":217,"column":8},"end":{"line":217,"column":null}},"81":{"start":{"line":233,"column":36},"end":{"line":233,"column":58}},"82":{"start":{"line":240,"column":8},"end":{"line":240,"column":30}},"83":{"start":{"line":249,"column":8},"end":{"line":249,"column":32}},"84":{"start":{"line":251,"column":12},"end":{"line":251,"column":28}},"85":{"start":{"line":264,"column":23},"end":{"line":264,"column":33}},"86":{"start":{"line":265,"column":8},"end":{"line":285,"column":10}},"87":{"start":{"line":267,"column":86},"end":{"line":267,"column":103}},"88":{"start":{"line":275,"column":29},"end":{"line":275,"column":49}},"89":{"start":{"line":282,"column":37},"end":{"line":282,"column":72}},"90":{"start":{"line":290,"column":2},"end":{"line":430,"column":null}},"91":{"start":{"line":298,"column":27},"end":{"line":298,"column":38}},"92":{"start":{"line":361,"column":36},"end":{"line":361,"column":47}},"93":{"start":{"line":362,"column":33},"end":{"line":362,"column":83}},"94":{"start":{"line":375,"column":36},"end":{"line":375,"column":47}},"95":{"start":{"line":376,"column":33},"end":{"line":376,"column":83}},"96":{"start":{"line":433,"column":0},"end":{"line":433,"column":null}}},"fnMap":{"0":{"name":"(anonymous_0)","decl":{"start":{"line":10,"column":33},"end":{"line":10,"column":36}},"loc":{"start":{"line":10,"column":38},"end":{"line":431,"column":1}}},"1":{"name":"(anonymous_1)","decl":{"start":{"line":19,"column":21},"end":{"line":19,"column":26}},"loc":{"start":{"line":19,"column":32},"end":{"line":77,"column":3}}},"2":{"name":"(anonymous_2)","decl":{"start":{"line":79,"column":12},"end":{"line":79,"column":15}},"loc":{"start":{"line":79,"column":17},"end":{"line":81,"column":3}}},"3":{"name":"(anonymous_3)","decl":{"start":{"line":84,"column":20},"end":{"line":84,"column":21}},"loc":{"start":{"line":84,"column":36},"end":{"line":98,"column":3}}},"4":{"name":"(anonymous_4)","decl":{"start":{"line":101,"column":23},"end":{"line":101,"column":26}},"loc":{"start":{"line":101,"column":28},"end":{"line":103,"column":3}}},"5":{"name":"(anonymous_5)","decl":{"start":{"line":106,"column":21},"end":{"line":106,"column":26}},"loc":{"start":{"line":106,"column":32},"end":{"line":153,"column":3}}},"6":{"name":"(anonymous_6)","decl":{"start":{"line":113,"column":53},"end":{"line":113,"column":54}},"loc":{"start":{"line":113,"column":74},"end":{"line":113,"column":95}}},"7":{"name":"(anonymous_7)","decl":{"start":{"line":142,"column":54},"end":{"line":142,"column":57}},"loc":{"start":{"line":142,"column":61},"end":{"line":142,"column":63}}},"8":{"name":"(anonymous_8)","decl":{"start":{"line":156,"column":23},"end":{"line":156,"column":28}},"loc":{"start":{"line":156,"column":44},"end":{"line":177,"column":3}}},"9":{"name":"(anonymous_9)","decl":{"start":{"line":167,"column":54},"end":{"line":167,"column":57}},"loc":{"start":{"line":167,"column":61},"end":{"line":167,"column":63}}},"10":{"name":"(anonymous_10)","decl":{"start":{"line":180,"column":29},"end":{"line":180,"column":34}},"loc":{"start":{"line":180,"column":69},"end":{"line":203,"column":3}}},"11":{"name":"(anonymous_11)","decl":{"start":{"line":193,"column":54},"end":{"line":193,"column":57}},"loc":{"start":{"line":193,"column":61},"end":{"line":193,"column":63}}},"12":{"name":"(anonymous_12)","decl":{"start":{"line":211,"column":14},"end":{"line":211,"column":15}},"loc":{"start":{"line":211,"column":32},"end":{"line":211,"column":49}}},"13":{"name":"(anonymous_13)","decl":{"start":{"line":216,"column":14},"end":{"line":216,"column":15}},"loc":{"start":{"line":217,"column":8},"end":{"line":217,"column":null}}},"14":{"name":"(anonymous_14)","decl":{"start":{"line":233,"column":14},"end":{"line":233,"column":15}},"loc":{"start":{"line":233,"column":36},"end":{"line":233,"column":58}}},"15":{"name":"(anonymous_15)","decl":{"start":{"line":239,"column":14},"end":{"line":239,"column":15}},"loc":{"start":{"line":240,"column":8},"end":{"line":240,"column":30}}},"16":{"name":"(anonymous_16)","decl":{"start":{"line":248,"column":14},"end":{"line":248,"column":15}},"loc":{"start":{"line":249,"column":8},"end":{"line":249,"column":32}}},"17":{"name":"(anonymous_17)","decl":{"start":{"line":250,"column":31},"end":{"line":250,"column":32}},"loc":{"start":{"line":251,"column":12},"end":{"line":251,"column":28}}},"18":{"name":"(anonymous_18)","decl":{"start":{"line":262,"column":14},"end":{"line":262,"column":15}},"loc":{"start":{"line":262,"column":39},"end":{"line":286,"column":7}}},"19":{"name":"(anonymous_19)","decl":{"start":{"line":267,"column":80},"end":{"line":267,"column":83}},"loc":{"start":{"line":267,"column":86},"end":{"line":267,"column":103}}},"20":{"name":"(anonymous_20)","decl":{"start":{"line":275,"column":23},"end":{"line":275,"column":26}},"loc":{"start":{"line":275,"column":29},"end":{"line":275,"column":49}}},"21":{"name":"(anonymous_21)","decl":{"start":{"line":282,"column":24},"end":{"line":282,"column":25}},"loc":{"start":{"line":282,"column":37},"end":{"line":282,"column":72}}},"22":{"name":"(anonymous_22)","decl":{"start":{"line":298,"column":21},"end":{"line":298,"column":24}},"loc":{"start":{"line":298,"column":27},"end":{"line":298,"column":38}}},"23":{"name":"(anonymous_23)","decl":{"start":{"line":361,"column":25},"end":{"line":361,"column":26}},"loc":{"start":{"line":361,"column":36},"end":{"line":361,"column":47}}},"24":{"name":"(anonymous_24)","decl":{"start":{"line":362,"column":22},"end":{"line":362,"column":23}},"loc":{"start":{"line":362,"column":33},"end":{"line":362,"column":83}}},"25":{"name":"(anonymous_25)","decl":{"start":{"line":375,"column":25},"end":{"line":375,"column":26}},"loc":{"start":{"line":375,"column":36},"end":{"line":375,"column":47}}},"26":{"name":"(anonymous_26)","decl":{"start":{"line":376,"column":22},"end":{"line":376,"column":23}},"loc":{"start":{"line":376,"column":33},"end":{"line":376,"column":83}}}},"branchMap":{"0":{"loc":{"start":{"line":28,"column":6},"end":{"line":30,"column":7}},"type":"if","locations":[{"start":{"line":28,"column":6},"end":{"line":30,"column":7}},{"start":{},"end":{}}]},"1":{"loc":{"start":{"line":33,"column":15},"end":{"line":33,"column":30}},"type":"binary-expr","locations":[{"start":{"line":33,"column":15},"end":{"line":33,"column":24}},{"start":{"line":33,"column":28},"end":{"line":33,"column":30}}]},"2":{"loc":{"start":{"line":35,"column":20},"end":{"line":35,"column":47}},"type":"binary-expr","locations":[{"start":{"line":35,"column":20},"end":{"line":35,"column":33}},{"start":{"line":35,"column":37},"end":{"line":35,"column":47}}]},"3":{"loc":{"start":{"line":85,"column":4},"end":{"line":96,"column":5}},"type":"if","locations":[{"start":{"line":85,"column":4},"end":{"line":96,"column":5}},{"start":{"line":92,"column":11},"end":{"line":96,"column":5}}]},"4":{"loc":{"start":{"line":119,"column":6},"end":{"line":139,"column":7}},"type":"if","locations":[{"start":{"line":119,"column":6},"end":{"line":139,"column":7}},{"start":{"line":129,"column":13},"end":{"line":139,"column":7}}]},"5":{"loc":{"start":{"line":119,"column":10},"end":{"line":119,"column":29}},"type":"binary-expr","locations":[{"start":{"line":119,"column":10},"end":{"line":119,"column":19}},{"start":{"line":119,"column":23},"end":{"line":119,"column":29}}]},"6":{"loc":{"start":{"line":141,"column":6},"end":{"line":144,"column":7}},"type":"if","locations":[{"start":{"line":141,"column":6},"end":{"line":144,"column":7}},{"start":{},"end":{}}]},"7":{"loc":{"start":{"line":143,"column":24},"end":{"line":143,"column":78}},"type":"binary-expr","locations":[{"start":{"line":143,"column":24},"end":{"line":143,"column":41}},{"start":{"line":143,"column":46},"end":{"line":143,"column":77}}]},"8":{"loc":{"start":{"line":143,"column":46},"end":{"line":143,"column":77}},"type":"cond-expr","locations":[{"start":{"line":143,"column":58},"end":{"line":143,"column":66}},{"start":{"line":143,"column":69},"end":{"line":143,"column":77}}]},"9":{"loc":{"start":{"line":146,"column":22},"end":{"line":146,"column":53}},"type":"cond-expr","locations":[{"start":{"line":146,"column":34},"end":{"line":146,"column":42}},{"start":{"line":146,"column":45},"end":{"line":146,"column":53}}]},"10":{"loc":{"start":{"line":151,"column":20},"end":{"line":151,"column":70}},"type":"binary-expr","locations":[{"start":{"line":151,"column":20},"end":{"line":151,"column":33}},{"start":{"line":151,"column":38},"end":{"line":151,"column":69}}]},"11":{"loc":{"start":{"line":151,"column":38},"end":{"line":151,"column":69}},"type":"cond-expr","locations":[{"start":{"line":151,"column":50},"end":{"line":151,"column":58}},{"start":{"line":151,"column":61},"end":{"line":151,"column":69}}]},"12":{"loc":{"start":{"line":166,"column":6},"end":{"line":169,"column":7}},"type":"if","locations":[{"start":{"line":166,"column":6},"end":{"line":169,"column":7}},{"start":{},"end":{}}]},"13":{"loc":{"start":{"line":168,"column":24},"end":{"line":168,"column":53}},"type":"binary-expr","locations":[{"start":{"line":168,"column":24},"end":{"line":168,"column":41}},{"start":{"line":168,"column":45},"end":{"line":168,"column":53}}]},"14":{"loc":{"start":{"line":175,"column":20},"end":{"line":175,"column":45}},"type":"binary-expr","locations":[{"start":{"line":175,"column":20},"end":{"line":175,"column":33}},{"start":{"line":175,"column":37},"end":{"line":175,"column":45}}]},"15":{"loc":{"start":{"line":192,"column":6},"end":{"line":195,"column":7}},"type":"if","locations":[{"start":{"line":192,"column":6},"end":{"line":195,"column":7}},{"start":{},"end":{}}]},"16":{"loc":{"start":{"line":194,"column":24},"end":{"line":194,"column":55}},"type":"binary-expr","locations":[{"start":{"line":194,"column":24},"end":{"line":194,"column":41}},{"start":{"line":194,"column":45},"end":{"line":194,"column":55}}]},"17":{"loc":{"start":{"line":201,"column":20},"end":{"line":201,"column":47}},"type":"binary-expr","locations":[{"start":{"line":201,"column":20},"end":{"line":201,"column":33}},{"start":{"line":201,"column":37},"end":{"line":201,"column":47}}]},"18":{"loc":{"start":{"line":218,"column":11},"end":{"line":224,"column":null}},"type":"cond-expr","locations":[{"start":{"line":219,"column":12},"end":{"line":221,"column":null}},{"start":{"line":224,"column":12},"end":{"line":224,"column":37}}]},"19":{"loc":{"start":{"line":240,"column":37},"end":{"line":240,"column":63}},"type":"cond-expr","locations":[{"start":{"line":240,"column":48},"end":{"line":240,"column":55}},{"start":{"line":240,"column":58},"end":{"line":240,"column":63}}]},"20":{"loc":{"start":{"line":241,"column":11},"end":{"line":241,"column":33}},"type":"cond-expr","locations":[{"start":{"line":241,"column":22},"end":{"line":241,"column":26}},{"start":{"line":241,"column":29},"end":{"line":241,"column":33}}]},"21":{"loc":{"start":{"line":320,"column":15},"end":{"line":320,"column":42}},"type":"cond-expr","locations":[{"start":{"line":320,"column":27},"end":{"line":320,"column":33}},{"start":{"line":320,"column":36},"end":{"line":320,"column":42}}]},"22":{"loc":{"start":{"line":362,"column":44},"end":{"line":362,"column":75}},"type":"binary-expr","locations":[{"start":{"line":362,"column":44},"end":{"line":362,"column":68}},{"start":{"line":362,"column":72},"end":{"line":362,"column":75}}]},"23":{"loc":{"start":{"line":376,"column":44},"end":{"line":376,"column":75}},"type":"binary-expr","locations":[{"start":{"line":376,"column":44},"end":{"line":376,"column":68}},{"start":{"line":376,"column":72},"end":{"line":376,"column":75}}]}},"s":{"0":1,"1":1,"2":1,"3":1,"4":1,"5":1,"6":4,"7":4,"8":4,"9":4,"10":4,"11":4,"12":4,"13":2,"14":2,"15":2,"16":2,"17":0,"18":2,"19":2,"20":0,"21":0,"22":2,"23":4,"24":2,"25":4,"26":0,"27":0,"28":0,"29":0,"30":0,"31":0,"32":0,"33":0,"34":4,"35":0,"36":4,"37":0,"38":0,"39":0,"40":0,"41":0,"42":0,"43":0,"44":0,"45":0,"46":0,"47":0,"48":0,"49":0,"50":0,"51":0,"52":0,"53":0,"54":4,"55":0,"56":0,"57":0,"58":0,"59":0,"60":0,"61":0,"62":0,"63":0,"64":0,"65":0,"66":4,"67":0,"68":0,"69":0,"70":0,"71":0,"72":0,"73":0,"74":0,"75":0,"76":0,"77":0,"78":4,"79":0,"80":0,"81":0,"82":0,"83":0,"84":0,"85":0,"86":0,"87":0,"88":0,"89":0,"90":4,"91":0,"92":0,"93":0,"94":0,"95":0,"96":1},"f":{"0":4,"1":2,"2":2,"3":0,"4":0,"5":0,"6":0,"7":0,"8":0,"9":0,"10":0,"11":0,"12":0,"13":0,"14":0,"15":0,"16":0,"17":0,"18":0,"19":0,"20":0,"21":0,"22":0,"23":0,"24":0,"25":0,"26":0},"b":{"0":[0,2],"1":[2,2],"2":[0,0],"3":[0,0],"4":[0,0],"5":[0,0],"6":[0,0],"7":[0,0],"8":[0,0],"9":[0,0],"10":[0,0],"11":[0,0],"12":[0,0],"13":[0,0],"14":[0,0],"15":[0,0],"16":[0,0],"17":[0,0],"18":[0,0],"19":[0,0],"20":[0,0],"21":[0,4],"22":[0,0],"23":[0,0]}}
,"/Users/tannoah/Documents/trae_projects/xiaonuo/frontend/src/contexts/ChatContext.tsx": {"path":"/Users/tannoah/Documents/trae_projects/xiaonuo/frontend/src/contexts/ChatContext.tsx","statementMap":{"0":{"start":{"line":1,"column":0},"end":{"line":1,"column":99}},"1":{"start":{"line":4,"column":0},"end":{"line":4,"column":43}},"2":{"start":{"line":5,"column":0},"end":{"line":5,"column":43}},"3":{"start":{"line":55,"column":20},"end":{"line":55,"column":73}},"4":{"start":{"line":58,"column":27},"end":{"line":58,"column":48}},"5":{"start":{"line":59,"column":30},"end":{"line":59,"column":46}},"6":{"start":{"line":60,"column":23},"end":{"line":60,"column":36}},"7":{"start":{"line":66,"column":2},"end":{"line":77,"column":3}},"8":{"start":{"line":67,"column":18},"end":{"line":67,"column":43}},"9":{"start":{"line":68,"column":4},"end":{"line":74,"column":5}},"10":{"start":{"line":69,"column":34},"end":{"line":69,"column":51}},"11":{"start":{"line":71,"column":6},"end":{"line":73,"column":7}},"12":{"start":{"line":72,"column":8},"end":{"line":72,"column":null}},"13":{"start":{"line":76,"column":4},"end":{"line":76,"column":null}},"14":{"start":{"line":78,"column":2},"end":{"line":78,"column":null}},"15":{"start":{"line":85,"column":2},"end":{"line":93,"column":3}},"16":{"start":{"line":86,"column":22},"end":{"line":89,"column":null}},"17":{"start":{"line":90,"column":4},"end":{"line":90,"column":null}},"18":{"start":{"line":92,"column":4},"end":{"line":92,"column":null}},"19":{"start":{"line":100,"column":2},"end":{"line":104,"column":3}},"20":{"start":{"line":101,"column":4},"end":{"line":101,"column":null}},"21":{"start":{"line":103,"column":4},"end":{"line":103,"column":null}},"22":{"start":{"line":107,"column":63},"end":{"line":760,"column":1}},"23":{"start":{"line":108,"column":24},"end":{"line":108,"column":35}},"24":{"start":{"line":111,"column":34},"end":{"line":113,"column":4}},"25":{"start":{"line":114,"column":38},"end":{"line":114,"column":50}},"26":{"start":{"line":115,"column":36},"end":{"line":115,"column":51}},"27":{"start":{"line":116,"column":44},"end":{"line":116,"column":72}},"28":{"start":{"line":117,"column":28},"end":{"line":117,"column":60}},"29":{"start":{"line":120,"column":34},"end":{"line":120,"column":118}},"30":{"start":{"line":120,"column":64},"end":{"line":120,"column":117}},"31":{"start":{"line":121,"column":46},"end":{"line":121,"column":80}},"32":{"start":{"line":122,"column":54},"end":{"line":122,"column":69}},"33":{"start":{"line":125,"column":31},"end":{"line":162,"column":27}},"34":{"start":{"line":126,"column":20},"end":{"line":126,"column":58}},"35":{"start":{"line":126,"column":39},"end":{"line":126,"column":57}},"36":{"start":{"line":127,"column":4},"end":{"line":127,"column":24}},"37":{"start":{"line":127,"column":18},"end":{"line":127,"column":24}},"38":{"start":{"line":130,"column":19},"end":{"line":139,"column":null}},"39":{"start":{"line":141,"column":4},"end":{"line":161,"column":5}},"40":{"start":{"line":142,"column":6},"end":{"line":142,"column":null}},"41":{"start":{"line":144,"column":38},"end":{"line":149,"column":null}},"42":{"start":{"line":150,"column":6},"end":{"line":150,"column":null}},"43":{"start":{"line":150,"column":26},"end":{"line":150,"column":51}},"44":{"start":{"line":152,"column":27},"end":{"line":152,"column":72}},"45":{"start":{"line":154,"column":39},"end":{"line":159,"column":null}},"46":{"start":{"line":160,"column":6},"end":{"line":160,"column":null}},"47":{"start":{"line":160,"column":26},"end":{"line":160,"column":52}},"48":{"start":{"line":165,"column":31},"end":{"line":239,"column":8}},"49":{"start":{"line":167,"column":27},"end":{"line":167,"column":90}},"50":{"start":{"line":168,"column":4},"end":{"line":171,"column":5}},"51":{"start":{"line":169,"column":6},"end":{"line":169,"column":null}},"52":{"start":{"line":170,"column":6},"end":{"line":170,"column":12}},"53":{"start":{"line":173,"column":4},"end":{"line":173,"column":null}},"54":{"start":{"line":174,"column":4},"end":{"line":174,"column":null}},"55":{"start":{"line":176,"column":4},"end":{"line":238,"column":5}},"56":{"start":{"line":177,"column":23},"end":{"line":184,"column":8}},"57":{"start":{"line":186,"column":6},"end":{"line":189,"column":7}},"58":{"start":{"line":187,"column":26},"end":{"line":187,"column":81}},"59":{"start":{"line":187,"column":72},"end":{"line":187,"column":74}},"60":{"start":{"line":188,"column":8},"end":{"line":188,"column":null}},"61":{"start":{"line":191,"column":19},"end":{"line":191,"column":40}},"62":{"start":{"line":193,"column":6},"end":{"line":221,"column":7}},"63":{"start":{"line":195,"column":34},"end":{"line":216,"column":null}},"64":{"start":{"line":207,"column":19},"end":{"line":213,"column":14}},"65":{"start":{"line":218,"column":8},"end":{"line":218,"column":null}},"66":{"start":{"line":220,"column":8},"end":{"line":220,"column":null}},"67":{"start":{"line":223,"column":27},"end":{"line":223,"column":76}},"68":{"start":{"line":224,"column":6},"end":{"line":227,"column":null}},"69":{"start":{"line":229,"column":6},"end":{"line":229,"column":null}},"70":{"start":{"line":231,"column":41},"end":{"line":233,"column":null}},"71":{"start":{"line":234,"column":6},"end":{"line":234,"column":null}},"72":{"start":{"line":235,"column":6},"end":{"line":235,"column":null}},"73":{"start":{"line":237,"column":6},"end":{"line":237,"column":null}},"74":{"start":{"line":242,"column":24},"end":{"line":308,"column":28}},"75":{"start":{"line":243,"column":4},"end":{"line":243,"column":null}},"76":{"start":{"line":244,"column":4},"end":{"line":244,"column":null}},"77":{"start":{"line":246,"column":4},"end":{"line":307,"column":5}},"78":{"start":{"line":247,"column":23},"end":{"line":254,"column":8}},"79":{"start":{"line":256,"column":6},"end":{"line":259,"column":7}},"80":{"start":{"line":257,"column":26},"end":{"line":257,"column":81}},"81":{"start":{"line":257,"column":72},"end":{"line":257,"column":74}},"82":{"start":{"line":258,"column":8},"end":{"line":258,"column":null}},"83":{"start":{"line":261,"column":19},"end":{"line":261,"column":40}},"84":{"start":{"line":262,"column":6},"end":{"line":262,"column":null}},"85":{"start":{"line":265,"column":6},"end":{"line":265,"column":null}},"86":{"start":{"line":268,"column":28},"end":{"line":268,"column":68}},"87":{"start":{"line":269,"column":6},"end":{"line":289,"column":7}},"88":{"start":{"line":271,"column":28},"end":{"line":271,"column":105}},"89":{"start":{"line":271,"column":69},"end":{"line":271,"column":104}},"90":{"start":{"line":272,"column":8},"end":{"line":282,"column":9}},"91":{"start":{"line":273,"column":10},"end":{"line":273,"column":null}},"92":{"start":{"line":275,"column":10},"end":{"line":275,"column":null}},"93":{"start":{"line":276,"column":15},"end":{"line":282,"column":9}},"94":{"start":{"line":278,"column":10},"end":{"line":278,"column":null}},"95":{"start":{"line":279,"column":10},"end":{"line":279,"column":null}},"96":{"start":{"line":281,"column":10},"end":{"line":281,"column":null}},"97":{"start":{"line":283,"column":13},"end":{"line":289,"column":7}},"98":{"start":{"line":285,"column":8},"end":{"line":285,"column":null}},"99":{"start":{"line":286,"column":8},"end":{"line":286,"column":null}},"100":{"start":{"line":288,"column":8},"end":{"line":288,"column":null}},"101":{"start":{"line":291,"column":27},"end":{"line":291,"column":74}},"102":{"start":{"line":292,"column":6},"end":{"line":295,"column":null}},"103":{"start":{"line":297,"column":6},"end":{"line":297,"column":null}},"104":{"start":{"line":299,"column":29},"end":{"line":299,"column":76}},"105":{"start":{"line":300,"column":6},"end":{"line":304,"column":7}},"106":{"start":{"line":301,"column":8},"end":{"line":301,"column":null}},"107":{"start":{"line":303,"column":8},"end":{"line":303,"column":null}},"108":{"start":{"line":306,"column":6},"end":{"line":306,"column":null}},"109":{"start":{"line":311,"column":24},"end":{"line":360,"column":16}},"110":{"start":{"line":312,"column":4},"end":{"line":312,"column":null}},"111":{"start":{"line":313,"column":4},"end":{"line":313,"column":null}},"112":{"start":{"line":315,"column":4},"end":{"line":359,"column":5}},"113":{"start":{"line":316,"column":23},"end":{"line":326,"column":8}},"114":{"start":{"line":328,"column":6},"end":{"line":331,"column":7}},"115":{"start":{"line":329,"column":26},"end":{"line":329,"column":81}},"116":{"start":{"line":329,"column":72},"end":{"line":329,"column":74}},"117":{"start":{"line":330,"column":8},"end":{"line":330,"column":null}},"118":{"start":{"line":333,"column":19},"end":{"line":333,"column":40}},"119":{"start":{"line":335,"column":30},"end":{"line":335,"column":54}},"120":{"start":{"line":336,"column":6},"end":{"line":336,"column":null}},"121":{"start":{"line":337,"column":6},"end":{"line":337,"column":null}},"122":{"start":{"line":340,"column":6},"end":{"line":340,"column":null}},"123":{"start":{"line":342,"column":6},"end":{"line":342,"column":null}},"124":{"start":{"line":345,"column":41},"end":{"line":347,"column":null}},"125":{"start":{"line":348,"column":6},"end":{"line":348,"column":null}},"126":{"start":{"line":349,"column":6},"end":{"line":349,"column":null}},"127":{"start":{"line":351,"column":27},"end":{"line":351,"column":72}},"128":{"start":{"line":352,"column":6},"end":{"line":355,"column":null}},"129":{"start":{"line":356,"column":6},"end":{"line":356,"column":null}},"130":{"start":{"line":358,"column":6},"end":{"line":358,"column":null}},"131":{"start":{"line":363,"column":24},"end":{"line":371,"column":28}},"132":{"start":{"line":364,"column":4},"end":{"line":370,"column":5}},"133":{"start":{"line":365,"column":6},"end":{"line":365,"column":null}},"134":{"start":{"line":367,"column":6},"end":{"line":367,"column":null}},"135":{"start":{"line":369,"column":6},"end":{"line":369,"column":null}},"136":{"start":{"line":374,"column":36},"end":{"line":417,"column":32}},"137":{"start":{"line":375,"column":4},"end":{"line":375,"column":null}},"138":{"start":{"line":376,"column":4},"end":{"line":376,"column":null}},"139":{"start":{"line":378,"column":4},"end":{"line":416,"column":5}},"140":{"start":{"line":379,"column":23},"end":{"line":388,"column":8}},"141":{"start":{"line":390,"column":6},"end":{"line":393,"column":7}},"142":{"start":{"line":391,"column":26},"end":{"line":391,"column":81}},"143":{"start":{"line":391,"column":72},"end":{"line":391,"column":74}},"144":{"start":{"line":392,"column":8},"end":{"line":392,"column":null}},"145":{"start":{"line":395,"column":19},"end":{"line":395,"column":40}},"146":{"start":{"line":397,"column":30},"end":{"line":398,"column":null}},"147":{"start":{"line":398,"column":8},"end":{"line":398,"column":61}},"148":{"start":{"line":400,"column":6},"end":{"line":400,"column":null}},"149":{"start":{"line":402,"column":6},"end":{"line":402,"column":null}},"150":{"start":{"line":404,"column":6},"end":{"line":406,"column":7}},"151":{"start":{"line":405,"column":8},"end":{"line":405,"column":null}},"152":{"start":{"line":408,"column":27},"end":{"line":408,"column":76}},"153":{"start":{"line":409,"column":6},"end":{"line":412,"column":null}},"154":{"start":{"line":413,"column":6},"end":{"line":413,"column":null}},"155":{"start":{"line":415,"column":6},"end":{"line":415,"column":null}},"156":{"start":{"line":420,"column":29},"end":{"line":463,"column":32}},"157":{"start":{"line":421,"column":4},"end":{"line":421,"column":null}},"158":{"start":{"line":422,"column":4},"end":{"line":422,"column":null}},"159":{"start":{"line":424,"column":4},"end":{"line":462,"column":5}},"160":{"start":{"line":425,"column":23},"end":{"line":434,"column":8}},"161":{"start":{"line":436,"column":6},"end":{"line":439,"column":7}},"162":{"start":{"line":437,"column":26},"end":{"line":437,"column":81}},"163":{"start":{"line":437,"column":72},"end":{"line":437,"column":74}},"164":{"start":{"line":438,"column":8},"end":{"line":438,"column":null}},"165":{"start":{"line":441,"column":19},"end":{"line":441,"column":40}},"166":{"start":{"line":443,"column":30},"end":{"line":444,"column":null}},"167":{"start":{"line":444,"column":8},"end":{"line":444,"column":61}},"168":{"start":{"line":446,"column":6},"end":{"line":446,"column":null}},"169":{"start":{"line":448,"column":6},"end":{"line":448,"column":null}},"170":{"start":{"line":450,"column":6},"end":{"line":452,"column":7}},"171":{"start":{"line":451,"column":8},"end":{"line":451,"column":null}},"172":{"start":{"line":454,"column":27},"end":{"line":454,"column":74}},"173":{"start":{"line":455,"column":6},"end":{"line":458,"column":null}},"174":{"start":{"line":459,"column":6},"end":{"line":459,"column":null}},"175":{"start":{"line":461,"column":6},"end":{"line":461,"column":null}},"176":{"start":{"line":466,"column":24},"end":{"line":522,"column":54}},"177":{"start":{"line":467,"column":4},"end":{"line":467,"column":null}},"178":{"start":{"line":468,"column":4},"end":{"line":468,"column":null}},"179":{"start":{"line":470,"column":4},"end":{"line":521,"column":5}},"180":{"start":{"line":471,"column":23},"end":{"line":477,"column":8}},"181":{"start":{"line":479,"column":6},"end":{"line":482,"column":7}},"182":{"start":{"line":480,"column":26},"end":{"line":480,"column":81}},"183":{"start":{"line":480,"column":72},"end":{"line":480,"column":74}},"184":{"start":{"line":481,"column":8},"end":{"line":481,"column":null}},"185":{"start":{"line":485,"column":30},"end":{"line":485,"column":89}},"186":{"start":{"line":485,"column":57},"end":{"line":485,"column":88}},"187":{"start":{"line":486,"column":6},"end":{"line":486,"column":null}},"188":{"start":{"line":489,"column":6},"end":{"line":489,"column":null}},"189":{"start":{"line":491,"column":6},"end":{"line":491,"column":null}},"190":{"start":{"line":494,"column":6},"end":{"line":511,"column":7}},"191":{"start":{"line":495,"column":8},"end":{"line":510,"column":9}},"192":{"start":{"line":497,"column":10},"end":{"line":497,"column":null}},"193":{"start":{"line":498,"column":10},"end":{"line":498,"column":null}},"194":{"start":{"line":500,"column":10},"end":{"line":500,"column":null}},"195":{"start":{"line":503,"column":10},"end":{"line":503,"column":null}},"196":{"start":{"line":504,"column":10},"end":{"line":504,"column":null}},"197":{"start":{"line":506,"column":45},"end":{"line":508,"column":null}},"198":{"start":{"line":509,"column":10},"end":{"line":509,"column":null}},"199":{"start":{"line":513,"column":27},"end":{"line":513,"column":72}},"200":{"start":{"line":514,"column":6},"end":{"line":517,"column":null}},"201":{"start":{"line":518,"column":6},"end":{"line":518,"column":null}},"202":{"start":{"line":520,"column":6},"end":{"line":520,"column":null}},"203":{"start":{"line":525,"column":22},"end":{"line":648,"column":81}},"204":{"start":{"line":526,"column":4},"end":{"line":526,"column":64}},"205":{"start":{"line":526,"column":58},"end":{"line":526,"column":64}},"206":{"start":{"line":529,"column":36},"end":{"line":539,"column":null}},"207":{"start":{"line":534,"column":40},"end":{"line":538,"column":8}},"208":{"start":{"line":541,"column":28},"end":{"line":541,"column":57}},"209":{"start":{"line":542,"column":4},"end":{"line":542,"column":null}},"210":{"start":{"line":543,"column":4},"end":{"line":543,"column":null}},"211":{"start":{"line":544,"column":4},"end":{"line":544,"column":null}},"212":{"start":{"line":545,"column":4},"end":{"line":545,"column":null}},"213":{"start":{"line":546,"column":4},"end":{"line":546,"column":null}},"214":{"start":{"line":548,"column":4},"end":{"line":647,"column":5}},"215":{"start":{"line":550,"column":26},"end":{"line":558,"column":null}},"216":{"start":{"line":552,"column":42},"end":{"line":555,"column":10}},"217":{"start":{"line":560,"column":23},"end":{"line":567,"column":8}},"218":{"start":{"line":570,"column":19},"end":{"line":572,"column":8}},"219":{"start":{"line":571,"column":8},"end":{"line":571,"column":null}},"220":{"start":{"line":576,"column":6},"end":{"line":623,"column":7}},"221":{"start":{"line":578,"column":29},"end":{"line":578,"column":53}},"222":{"start":{"line":580,"column":41},"end":{"line":585,"column":null}},"223":{"start":{"line":586,"column":8},"end":{"line":586,"column":null}},"224":{"start":{"line":587,"column":8},"end":{"line":587,"column":null}},"225":{"start":{"line":590,"column":34},"end":{"line":595,"column":null}},"226":{"start":{"line":596,"column":8},"end":{"line":596,"column":null}},"227":{"start":{"line":597,"column":8},"end":{"line":597,"column":null}},"228":{"start":{"line":600,"column":8},"end":{"line":622,"column":9}},"229":{"start":{"line":603,"column":10},"end":{"line":603,"column":null}},"230":{"start":{"line":606,"column":10},"end":{"line":621,"column":11}},"231":{"start":{"line":608,"column":12},"end":{"line":608,"column":null}},"232":{"start":{"line":609,"column":17},"end":{"line":621,"column":11}},"233":{"start":{"line":611,"column":12},"end":{"line":611,"column":null}},"234":{"start":{"line":612,"column":17},"end":{"line":621,"column":11}},"235":{"start":{"line":614,"column":12},"end":{"line":614,"column":null}},"236":{"start":{"line":615,"column":17},"end":{"line":621,"column":11}},"237":{"start":{"line":617,"column":12},"end":{"line":617,"column":null}},"238":{"start":{"line":618,"column":17},"end":{"line":621,"column":11}},"239":{"start":{"line":620,"column":12},"end":{"line":620,"column":null}},"240":{"start":{"line":626,"column":6},"end":{"line":628,"column":7}},"241":{"start":{"line":627,"column":8},"end":{"line":627,"column":null}},"242":{"start":{"line":630,"column":27},"end":{"line":630,"column":72}},"243":{"start":{"line":631,"column":6},"end":{"line":634,"column":null}},"244":{"start":{"line":635,"column":6},"end":{"line":635,"column":null}},"245":{"start":{"line":638,"column":39},"end":{"line":643,"column":null}},"246":{"start":{"line":644,"column":6},"end":{"line":644,"column":null}},"247":{"start":{"line":644,"column":26},"end":{"line":644,"column":52}},"248":{"start":{"line":646,"column":6},"end":{"line":646,"column":null}},"249":{"start":{"line":651,"column":31},"end":{"line":698,"column":8}},"250":{"start":{"line":652,"column":4},"end":{"line":697,"column":5}},"251":{"start":{"line":654,"column":31},"end":{"line":654,"column":71}},"252":{"start":{"line":655,"column":18},"end":{"line":655,"column":28}},"253":{"start":{"line":656,"column":30},"end":{"line":656,"column":49}},"254":{"start":{"line":659,"column":6},"end":{"line":661,"column":7}},"255":{"start":{"line":660,"column":8},"end":{"line":660,"column":14}},"256":{"start":{"line":664,"column":23},"end":{"line":670,"column":8}},"257":{"start":{"line":672,"column":6},"end":{"line":674,"column":7}},"258":{"start":{"line":673,"column":8},"end":{"line":673,"column":null}},"259":{"start":{"line":676,"column":19},"end":{"line":676,"column":40}},"260":{"start":{"line":677,"column":27},"end":{"line":677,"column":49}},"261":{"start":{"line":680,"column":6},"end":{"line":694,"column":7}},"262":{"start":{"line":682,"column":41},"end":{"line":687,"column":null}},"263":{"start":{"line":690,"column":8},"end":{"line":690,"column":null}},"264":{"start":{"line":690,"column":28},"end":{"line":690,"column":54}},"265":{"start":{"line":693,"column":8},"end":{"line":693,"column":null}},"266":{"start":{"line":696,"column":6},"end":{"line":696,"column":null}},"267":{"start":{"line":701,"column":21},"end":{"line":703,"column":8}},"268":{"start":{"line":702,"column":4},"end":{"line":702,"column":null}},"269":{"start":{"line":706,"column":2},"end":{"line":717,"column":null}},"270":{"start":{"line":707,"column":20},"end":{"line":714,"column":5}},"271":{"start":{"line":709,"column":20},"end":{"line":709,"column":49}},"272":{"start":{"line":710,"column":6},"end":{"line":713,"column":7}},"273":{"start":{"line":711,"column":8},"end":{"line":711,"column":null}},"274":{"start":{"line":712,"column":8},"end":{"line":712,"column":null}},"275":{"start":{"line":716,"column":4},"end":{"line":716,"column":null}},"276":{"start":{"line":720,"column":2},"end":{"line":724,"column":null}},"277":{"start":{"line":721,"column":4},"end":{"line":723,"column":5}},"278":{"start":{"line":722,"column":6},"end":{"line":722,"column":null}},"279":{"start":{"line":726,"column":23},"end":{"line":753,"column":4}},"280":{"start":{"line":726,"column":38},"end":{"line":748,"column":4}},"281":{"start":{"line":755,"column":2},"end":{"line":759,"column":null}},"282":{"start":{"line":107,"column":13},"end":{"line":107,"column":63}},"283":{"start":{"line":763,"column":23},"end":{"line":769,"column":1}},"284":{"start":{"line":764,"column":18},"end":{"line":764,"column":41}},"285":{"start":{"line":765,"column":2},"end":{"line":767,"column":3}},"286":{"start":{"line":766,"column":4},"end":{"line":766,"column":null}},"287":{"start":{"line":768,"column":2},"end":{"line":768,"column":null}},"288":{"start":{"line":763,"column":13},"end":{"line":763,"column":23}}},"fnMap":{"0":{"name":"getFromCache","decl":{"start":{"line":65,"column":9},"end":{"line":65,"column":21}},"loc":{"start":{"line":65,"column":36},"end":{"line":79,"column":1}}},"1":{"name":"saveToCache","decl":{"start":{"line":84,"column":9},"end":{"line":84,"column":20}},"loc":{"start":{"line":84,"column":44},"end":{"line":94,"column":1}}},"2":{"name":"clearCache","decl":{"start":{"line":99,"column":9},"end":{"line":99,"column":19}},"loc":{"start":{"line":99,"column":31},"end":{"line":105,"column":1}}},"3":{"name":"(anonymous_3)","decl":{"start":{"line":107,"column":63},"end":{"line":107,"column":64}},"loc":{"start":{"line":107,"column":80},"end":{"line":760,"column":1}}},"4":{"name":"(anonymous_4)","decl":{"start":{"line":120,"column":58},"end":{"line":120,"column":61}},"loc":{"start":{"line":120,"column":64},"end":{"line":120,"column":117}}},"5":{"name":"(anonymous_5)","decl":{"start":{"line":125,"column":43},"end":{"line":125,"column":48}},"loc":{"start":{"line":125,"column":71},"end":{"line":162,"column":3}}},"6":{"name":"(anonymous_6)","decl":{"start":{"line":126,"column":34},"end":{"line":126,"column":35}},"loc":{"start":{"line":126,"column":39},"end":{"line":126,"column":57}}},"7":{"name":"(anonymous_7)","decl":{"start":{"line":150,"column":18},"end":{"line":150,"column":22}},"loc":{"start":{"line":150,"column":26},"end":{"line":150,"column":51}}},"8":{"name":"(anonymous_8)","decl":{"start":{"line":160,"column":18},"end":{"line":160,"column":22}},"loc":{"start":{"line":160,"column":26},"end":{"line":160,"column":52}}},"9":{"name":"(anonymous_9)","decl":{"start":{"line":165,"column":43},"end":{"line":165,"column":48}},"loc":{"start":{"line":165,"column":71},"end":{"line":239,"column":3}}},"10":{"name":"(anonymous_10)","decl":{"start":{"line":187,"column":65},"end":{"line":187,"column":68}},"loc":{"start":{"line":187,"column":72},"end":{"line":187,"column":74}}},"11":{"name":"(anonymous_11)","decl":{"start":{"line":196,"column":35},"end":{"line":196,"column":36}},"loc":{"start":{"line":207,"column":19},"end":{"line":213,"column":14}}},"12":{"name":"(anonymous_12)","decl":{"start":{"line":242,"column":36},"end":{"line":242,"column":41}},"loc":{"start":{"line":242,"column":47},"end":{"line":308,"column":3}}},"13":{"name":"(anonymous_13)","decl":{"start":{"line":257,"column":65},"end":{"line":257,"column":68}},"loc":{"start":{"line":257,"column":72},"end":{"line":257,"column":74}}},"14":{"name":"(anonymous_14)","decl":{"start":{"line":271,"column":43},"end":{"line":271,"column":44}},"loc":{"start":{"line":271,"column":69},"end":{"line":271,"column":104}}},"15":{"name":"(anonymous_15)","decl":{"start":{"line":311,"column":36},"end":{"line":311,"column":41}},"loc":{"start":{"line":311,"column":84},"end":{"line":360,"column":3}}},"16":{"name":"(anonymous_16)","decl":{"start":{"line":329,"column":65},"end":{"line":329,"column":68}},"loc":{"start":{"line":329,"column":72},"end":{"line":329,"column":74}}},"17":{"name":"(anonymous_17)","decl":{"start":{"line":363,"column":36},"end":{"line":363,"column":37}},"loc":{"start":{"line":363,"column":61},"end":{"line":371,"column":3}}},"18":{"name":"(anonymous_18)","decl":{"start":{"line":374,"column":48},"end":{"line":374,"column":53}},"loc":{"start":{"line":374,"column":105},"end":{"line":417,"column":3}}},"19":{"name":"(anonymous_19)","decl":{"start":{"line":391,"column":65},"end":{"line":391,"column":68}},"loc":{"start":{"line":391,"column":72},"end":{"line":391,"column":74}}},"20":{"name":"(anonymous_20)","decl":{"start":{"line":397,"column":43},"end":{"line":397,"column":50}},"loc":{"start":{"line":398,"column":8},"end":{"line":398,"column":61}}},"21":{"name":"(anonymous_21)","decl":{"start":{"line":420,"column":41},"end":{"line":420,"column":46}},"loc":{"start":{"line":420,"column":84},"end":{"line":463,"column":3}}},"22":{"name":"(anonymous_22)","decl":{"start":{"line":437,"column":65},"end":{"line":437,"column":68}},"loc":{"start":{"line":437,"column":72},"end":{"line":437,"column":74}}},"23":{"name":"(anonymous_23)","decl":{"start":{"line":443,"column":43},"end":{"line":443,"column":50}},"loc":{"start":{"line":444,"column":8},"end":{"line":444,"column":61}}},"24":{"name":"(anonymous_24)","decl":{"start":{"line":466,"column":36},"end":{"line":466,"column":41}},"loc":{"start":{"line":466,"column":64},"end":{"line":522,"column":3}}},"25":{"name":"(anonymous_25)","decl":{"start":{"line":480,"column":65},"end":{"line":480,"column":68}},"loc":{"start":{"line":480,"column":72},"end":{"line":480,"column":74}}},"26":{"name":"(anonymous_26)","decl":{"start":{"line":485,"column":46},"end":{"line":485,"column":53}},"loc":{"start":{"line":485,"column":57},"end":{"line":485,"column":88}}},"27":{"name":"(anonymous_27)","decl":{"start":{"line":525,"column":34},"end":{"line":525,"column":39}},"loc":{"start":{"line":525,"column":45},"end":{"line":648,"column":3}}},"28":{"name":"(anonymous_28)","decl":{"start":{"line":534,"column":31},"end":{"line":534,"column":35}},"loc":{"start":{"line":534,"column":40},"end":{"line":538,"column":8}}},"29":{"name":"(anonymous_29)","decl":{"start":{"line":552,"column":33},"end":{"line":552,"column":37}},"loc":{"start":{"line":552,"column":42},"end":{"line":555,"column":10}}},"30":{"name":"(anonymous_30)","decl":{"start":{"line":570,"column":47},"end":{"line":570,"column":50}},"loc":{"start":{"line":570,"column":52},"end":{"line":572,"column":7}}},"31":{"name":"(anonymous_31)","decl":{"start":{"line":644,"column":18},"end":{"line":644,"column":22}},"loc":{"start":{"line":644,"column":26},"end":{"line":644,"column":52}}},"32":{"name":"(anonymous_32)","decl":{"start":{"line":651,"column":43},"end":{"line":651,"column":48}},"loc":{"start":{"line":651,"column":54},"end":{"line":698,"column":3}}},"33":{"name":"(anonymous_33)","decl":{"start":{"line":690,"column":20},"end":{"line":690,"column":24}},"loc":{"start":{"line":690,"column":28},"end":{"line":690,"column":54}}},"34":{"name":"(anonymous_34)","decl":{"start":{"line":701,"column":33},"end":{"line":701,"column":36}},"loc":{"start":{"line":701,"column":38},"end":{"line":703,"column":3}}},"35":{"name":"(anonymous_35)","decl":{"start":{"line":706,"column":12},"end":{"line":706,"column":15}},"loc":{"start":{"line":706,"column":17},"end":{"line":717,"column":3}}},"36":{"name":"(anonymous_36)","decl":{"start":{"line":707,"column":20},"end":{"line":707,"column":25}},"loc":{"start":{"line":707,"column":31},"end":{"line":714,"column":5}}},"37":{"name":"(anonymous_37)","decl":{"start":{"line":720,"column":12},"end":{"line":720,"column":15}},"loc":{"start":{"line":720,"column":17},"end":{"line":724,"column":3}}},"38":{"name":"(anonymous_38)","decl":{"start":{"line":726,"column":31},"end":{"line":726,"column":34}},"loc":{"start":{"line":726,"column":38},"end":{"line":748,"column":4}}},"39":{"name":"(anonymous_39)","decl":{"start":{"line":763,"column":23},"end":{"line":763,"column":26}},"loc":{"start":{"line":763,"column":28},"end":{"line":769,"column":1}}}},"branchMap":{"0":{"loc":{"start":{"line":68,"column":4},"end":{"line":74,"column":5}},"type":"if","locations":[{"start":{"line":68,"column":4},"end":{"line":74,"column":5}},{"start":{},"end":{}}]},"1":{"loc":{"start":{"line":71,"column":6},"end":{"line":73,"column":7}},"type":"if","locations":[{"start":{"line":71,"column":6},"end":{"line":73,"column":7}},{"start":{},"end":{}}]},"2":{"loc":{"start":{"line":120,"column":64},"end":{"line":120,"column":117}},"type":"binary-expr","locations":[{"start":{"line":120,"column":64},"end":{"line":120,"column":111}},{"start":{"line":120,"column":115},"end":{"line":120,"column":117}}]},"3":{"loc":{"start":{"line":127,"column":4},"end":{"line":127,"column":24}},"type":"if","locations":[{"start":{"line":127,"column":4},"end":{"line":127,"column":24}},{"start":{},"end":{}}]},"4":{"loc":{"start":{"line":131,"column":49},"end":{"line":131,"column":89}},"type":"cond-expr","locations":[{"start":{"line":131,"column":79},"end":{"line":131,"column":84}},{"start":{"line":131,"column":87},"end":{"line":131,"column":89}}]},"5":{"loc":{"start":{"line":133,"column":52},"end":{"line":133,"column":93}},"type":"cond-expr","locations":[{"start":{"line":133,"column":83},"end":{"line":133,"column":88}},{"start":{"line":133,"column":91},"end":{"line":133,"column":93}}]},"6":{"loc":{"start":{"line":152,"column":27},"end":{"line":152,"column":72}},"type":"cond-expr","locations":[{"start":{"line":152,"column":50},"end":{"line":152,"column":61}},{"start":{"line":152,"column":64},"end":{"line":152,"column":72}}]},"7":{"loc":{"start":{"line":168,"column":4},"end":{"line":171,"column":5}},"type":"if","locations":[{"start":{"line":168,"column":4},"end":{"line":171,"column":5}},{"start":{},"end":{}}]},"8":{"loc":{"start":{"line":186,"column":6},"end":{"line":189,"column":7}},"type":"if","locations":[{"start":{"line":186,"column":6},"end":{"line":189,"column":7}},{"start":{},"end":{}}]},"9":{"loc":{"start":{"line":186,"column":10},"end":{"line":186,"column":35}},"type":"binary-expr","locations":[{"start":{"line":186,"column":10},"end":{"line":186,"column":19}},{"start":{"line":186,"column":23},"end":{"line":186,"column":35}}]},"10":{"loc":{"start":{"line":187,"column":26},"end":{"line":187,"column":81}},"type":"cond-expr","locations":[{"start":{"line":187,"column":37},"end":{"line":187,"column":76}},{"start":{"line":187,"column":79},"end":{"line":187,"column":81}}]},"11":{"loc":{"start":{"line":188,"column":24},"end":{"line":188,"column":57}},"type":"binary-expr","locations":[{"start":{"line":188,"column":24},"end":{"line":188,"column":41}},{"start":{"line":188,"column":45},"end":{"line":188,"column":57}}]},"12":{"loc":{"start":{"line":193,"column":6},"end":{"line":221,"column":7}},"type":"if","locations":[{"start":{"line":193,"column":6},"end":{"line":221,"column":7}},{"start":{},"end":{}}]},"13":{"loc":{"start":{"line":193,"column":10},"end":{"line":193,"column":65}},"type":"binary-expr","locations":[{"start":{"line":193,"column":10},"end":{"line":193,"column":28}},{"start":{"line":193,"column":32},"end":{"line":193,"column":65}}]},"14":{"loc":{"start":{"line":195,"column":34},"end":{"line":216,"column":null}},"type":"cond-expr","locations":[{"start":{"line":196,"column":12},"end":{"line":213,"column":15}},{"start":{"line":214,"column":12},"end":{"line":216,"column":null}}]},"15":{"loc":{"start":{"line":208,"column":18},"end":{"line":208,"column":78}},"type":"binary-expr","locations":[{"start":{"line":208,"column":18},"end":{"line":208,"column":25}},{"start":{"line":208,"column":29},"end":{"line":208,"column":35}},{"start":{"line":208,"column":39},"end":{"line":208,"column":78}}]},"16":{"loc":{"start":{"line":212,"column":21},"end":{"line":212,"column":36}},"type":"binary-expr","locations":[{"start":{"line":212,"column":21},"end":{"line":212,"column":30}},{"start":{"line":212,"column":34},"end":{"line":212,"column":36}}]},"17":{"loc":{"start":{"line":223,"column":27},"end":{"line":223,"column":76}},"type":"cond-expr","locations":[{"start":{"line":223,"column":50},"end":{"line":223,"column":61}},{"start":{"line":223,"column":64},"end":{"line":223,"column":76}}]},"18":{"loc":{"start":{"line":256,"column":6},"end":{"line":259,"column":7}},"type":"if","locations":[{"start":{"line":256,"column":6},"end":{"line":259,"column":7}},{"start":{},"end":{}}]},"19":{"loc":{"start":{"line":256,"column":10},"end":{"line":256,"column":35}},"type":"binary-expr","locations":[{"start":{"line":256,"column":10},"end":{"line":256,"column":19}},{"start":{"line":256,"column":23},"end":{"line":256,"column":35}}]},"20":{"loc":{"start":{"line":257,"column":26},"end":{"line":257,"column":81}},"type":"cond-expr","locations":[{"start":{"line":257,"column":37},"end":{"line":257,"column":76}},{"start":{"line":257,"column":79},"end":{"line":257,"column":81}}]},"21":{"loc":{"start":{"line":258,"column":24},"end":{"line":258,"column":55}},"type":"binary-expr","locations":[{"start":{"line":258,"column":24},"end":{"line":258,"column":41}},{"start":{"line":258,"column":45},"end":{"line":258,"column":55}}]},"22":{"loc":{"start":{"line":269,"column":6},"end":{"line":289,"column":7}},"type":"if","locations":[{"start":{"line":269,"column":6},"end":{"line":289,"column":7}},{"start":{"line":283,"column":13},"end":{"line":289,"column":7}}]},"23":{"loc":{"start":{"line":272,"column":8},"end":{"line":282,"column":9}},"type":"if","locations":[{"start":{"line":272,"column":8},"end":{"line":282,"column":9}},{"start":{"line":276,"column":15},"end":{"line":282,"column":9}}]},"24":{"loc":{"start":{"line":276,"column":15},"end":{"line":282,"column":9}},"type":"if","locations":[{"start":{"line":276,"column":15},"end":{"line":282,"column":9}},{"start":{},"end":{}}]},"25":{"loc":{"start":{"line":283,"column":13},"end":{"line":289,"column":7}},"type":"if","locations":[{"start":{"line":283,"column":13},"end":{"line":289,"column":7}},{"start":{},"end":{}}]},"26":{"loc":{"start":{"line":291,"column":27},"end":{"line":291,"column":74}},"type":"cond-expr","locations":[{"start":{"line":291,"column":50},"end":{"line":291,"column":61}},{"start":{"line":291,"column":64},"end":{"line":291,"column":74}}]},"27":{"loc":{"start":{"line":300,"column":6},"end":{"line":304,"column":7}},"type":"if","locations":[{"start":{"line":300,"column":6},"end":{"line":304,"column":7}},{"start":{"line":302,"column":13},"end":{"line":304,"column":7}}]},"28":{"loc":{"start":{"line":300,"column":10},"end":{"line":300,"column":53}},"type":"binary-expr","locations":[{"start":{"line":300,"column":10},"end":{"line":300,"column":24}},{"start":{"line":300,"column":28},"end":{"line":300,"column":53}}]},"29":{"loc":{"start":{"line":328,"column":6},"end":{"line":331,"column":7}},"type":"if","locations":[{"start":{"line":328,"column":6},"end":{"line":331,"column":7}},{"start":{},"end":{}}]},"30":{"loc":{"start":{"line":328,"column":10},"end":{"line":328,"column":35}},"type":"binary-expr","locations":[{"start":{"line":328,"column":10},"end":{"line":328,"column":19}},{"start":{"line":328,"column":23},"end":{"line":328,"column":35}}]},"31":{"loc":{"start":{"line":329,"column":26},"end":{"line":329,"column":81}},"type":"cond-expr","locations":[{"start":{"line":329,"column":37},"end":{"line":329,"column":76}},{"start":{"line":329,"column":79},"end":{"line":329,"column":81}}]},"32":{"loc":{"start":{"line":330,"column":24},"end":{"line":330,"column":53}},"type":"binary-expr","locations":[{"start":{"line":330,"column":24},"end":{"line":330,"column":41}},{"start":{"line":330,"column":45},"end":{"line":330,"column":53}}]},"33":{"loc":{"start":{"line":351,"column":27},"end":{"line":351,"column":72}},"type":"cond-expr","locations":[{"start":{"line":351,"column":50},"end":{"line":351,"column":61}},{"start":{"line":351,"column":64},"end":{"line":351,"column":72}}]},"34":{"loc":{"start":{"line":364,"column":4},"end":{"line":370,"column":5}},"type":"if","locations":[{"start":{"line":364,"column":4},"end":{"line":370,"column":5}},{"start":{},"end":{}}]},"35":{"loc":{"start":{"line":390,"column":6},"end":{"line":393,"column":7}},"type":"if","locations":[{"start":{"line":390,"column":6},"end":{"line":393,"column":7}},{"start":{},"end":{}}]},"36":{"loc":{"start":{"line":390,"column":10},"end":{"line":390,"column":35}},"type":"binary-expr","locations":[{"start":{"line":390,"column":10},"end":{"line":390,"column":19}},{"start":{"line":390,"column":23},"end":{"line":390,"column":35}}]},"37":{"loc":{"start":{"line":391,"column":26},"end":{"line":391,"column":81}},"type":"cond-expr","locations":[{"start":{"line":391,"column":37},"end":{"line":391,"column":76}},{"start":{"line":391,"column":79},"end":{"line":391,"column":81}}]},"38":{"loc":{"start":{"line":392,"column":24},"end":{"line":392,"column":57}},"type":"binary-expr","locations":[{"start":{"line":392,"column":24},"end":{"line":392,"column":41}},{"start":{"line":392,"column":45},"end":{"line":392,"column":57}}]},"39":{"loc":{"start":{"line":398,"column":8},"end":{"line":398,"column":61}},"type":"cond-expr","locations":[{"start":{"line":398,"column":42},"end":{"line":398,"column":51}},{"start":{"line":398,"column":54},"end":{"line":398,"column":61}}]},"40":{"loc":{"start":{"line":404,"column":6},"end":{"line":406,"column":7}},"type":"if","locations":[{"start":{"line":404,"column":6},"end":{"line":406,"column":7}},{"start":{},"end":{}}]},"41":{"loc":{"start":{"line":408,"column":27},"end":{"line":408,"column":76}},"type":"cond-expr","locations":[{"start":{"line":408,"column":50},"end":{"line":408,"column":61}},{"start":{"line":408,"column":64},"end":{"line":408,"column":76}}]},"42":{"loc":{"start":{"line":436,"column":6},"end":{"line":439,"column":7}},"type":"if","locations":[{"start":{"line":436,"column":6},"end":{"line":439,"column":7}},{"start":{},"end":{}}]},"43":{"loc":{"start":{"line":436,"column":10},"end":{"line":436,"column":35}},"type":"binary-expr","locations":[{"start":{"line":436,"column":10},"end":{"line":436,"column":19}},{"start":{"line":436,"column":23},"end":{"line":436,"column":35}}]},"44":{"loc":{"start":{"line":437,"column":26},"end":{"line":437,"column":81}},"type":"cond-expr","locations":[{"start":{"line":437,"column":37},"end":{"line":437,"column":76}},{"start":{"line":437,"column":79},"end":{"line":437,"column":81}}]},"45":{"loc":{"start":{"line":438,"column":24},"end":{"line":438,"column":55}},"type":"binary-expr","locations":[{"start":{"line":438,"column":24},"end":{"line":438,"column":41}},{"start":{"line":438,"column":45},"end":{"line":438,"column":55}}]},"46":{"loc":{"start":{"line":444,"column":8},"end":{"line":444,"column":61}},"type":"cond-expr","locations":[{"start":{"line":444,"column":42},"end":{"line":444,"column":51}},{"start":{"line":444,"column":54},"end":{"line":444,"column":61}}]},"47":{"loc":{"start":{"line":450,"column":6},"end":{"line":452,"column":7}},"type":"if","locations":[{"start":{"line":450,"column":6},"end":{"line":452,"column":7}},{"start":{},"end":{}}]},"48":{"loc":{"start":{"line":454,"column":27},"end":{"line":454,"column":74}},"type":"cond-expr","locations":[{"start":{"line":454,"column":50},"end":{"line":454,"column":61}},{"start":{"line":454,"column":64},"end":{"line":454,"column":74}}]},"49":{"loc":{"start":{"line":479,"column":6},"end":{"line":482,"column":7}},"type":"if","locations":[{"start":{"line":479,"column":6},"end":{"line":482,"column":7}},{"start":{},"end":{}}]},"50":{"loc":{"start":{"line":479,"column":10},"end":{"line":479,"column":35}},"type":"binary-expr","locations":[{"start":{"line":479,"column":10},"end":{"line":479,"column":19}},{"start":{"line":479,"column":23},"end":{"line":479,"column":35}}]},"51":{"loc":{"start":{"line":480,"column":26},"end":{"line":480,"column":81}},"type":"cond-expr","locations":[{"start":{"line":480,"column":37},"end":{"line":480,"column":76}},{"start":{"line":480,"column":79},"end":{"line":480,"column":81}}]},"52":{"loc":{"start":{"line":481,"column":24},"end":{"line":481,"column":53}},"type":"binary-expr","locations":[{"start":{"line":481,"column":24},"end":{"line":481,"column":41}},{"start":{"line":481,"column":45},"end":{"line":481,"column":53}}]},"53":{"loc":{"start":{"line":494,"column":6},"end":{"line":511,"column":7}},"type":"if","locations":[{"start":{"line":494,"column":6},"end":{"line":511,"column":7}},{"start":{},"end":{}}]},"54":{"loc":{"start":{"line":495,"column":8},"end":{"line":510,"column":9}},"type":"if","locations":[{"start":{"line":495,"column":8},"end":{"line":510,"column":9}},{"start":{"line":501,"column":15},"end":{"line":510,"column":9}}]},"55":{"loc":{"start":{"line":513,"column":27},"end":{"line":513,"column":72}},"type":"cond-expr","locations":[{"start":{"line":513,"column":50},"end":{"line":513,"column":61}},{"start":{"line":513,"column":64},"end":{"line":513,"column":72}}]},"56":{"loc":{"start":{"line":526,"column":4},"end":{"line":526,"column":64}},"type":"if","locations":[{"start":{"line":526,"column":4},"end":{"line":526,"column":64}},{"start":{},"end":{}}]},"57":{"loc":{"start":{"line":526,"column":8},"end":{"line":526,"column":56}},"type":"binary-expr","locations":[{"start":{"line":526,"column":8},"end":{"line":526,"column":26}},{"start":{"line":526,"column":30},"end":{"line":526,"column":56}}]},"58":{"loc":{"start":{"line":537,"column":13},"end":{"line":537,"column":43}},"type":"binary-expr","locations":[{"start":{"line":537,"column":13},"end":{"line":537,"column":21}},{"start":{"line":537,"column":25},"end":{"line":537,"column":37}},{"start":{"line":537,"column":41},"end":{"line":537,"column":43}}]},"59":{"loc":{"start":{"line":576,"column":6},"end":{"line":623,"column":7}},"type":"if","locations":[{"start":{"line":576,"column":6},"end":{"line":623,"column":7}},{"start":{"line":588,"column":13},"end":{"line":623,"column":7}}]},"60":{"loc":{"start":{"line":576,"column":10},"end":{"line":576,"column":64}},"type":"binary-expr","locations":[{"start":{"line":576,"column":10},"end":{"line":576,"column":22}},{"start":{"line":576,"column":26},"end":{"line":576,"column":64}}]},"61":{"loc":{"start":{"line":578,"column":29},"end":{"line":578,"column":53}},"type":"binary-expr","locations":[{"start":{"line":578,"column":29},"end":{"line":578,"column":41}},{"start":{"line":578,"column":45},"end":{"line":578,"column":53}}]},"62":{"loc":{"start":{"line":592,"column":19},"end":{"line":592,"column":56}},"type":"binary-expr","locations":[{"start":{"line":592,"column":19},"end":{"line":592,"column":35}},{"start":{"line":592,"column":39},"end":{"line":592,"column":56}}]},"63":{"loc":{"start":{"line":600,"column":8},"end":{"line":622,"column":9}},"type":"if","locations":[{"start":{"line":600,"column":8},"end":{"line":622,"column":9}},{"start":{},"end":{}}]},"64":{"loc":{"start":{"line":600,"column":12},"end":{"line":600,"column":74}},"type":"binary-expr","locations":[{"start":{"line":600,"column":12},"end":{"line":600,"column":47}},{"start":{"line":600,"column":51},"end":{"line":600,"column":74}}]},"65":{"loc":{"start":{"line":606,"column":10},"end":{"line":621,"column":11}},"type":"if","locations":[{"start":{"line":606,"column":10},"end":{"line":621,"column":11}},{"start":{"line":609,"column":17},"end":{"line":621,"column":11}}]},"66":{"loc":{"start":{"line":609,"column":17},"end":{"line":621,"column":11}},"type":"if","locations":[{"start":{"line":609,"column":17},"end":{"line":621,"column":11}},{"start":{"line":612,"column":17},"end":{"line":621,"column":11}}]},"67":{"loc":{"start":{"line":612,"column":17},"end":{"line":621,"column":11}},"type":"if","locations":[{"start":{"line":612,"column":17},"end":{"line":621,"column":11}},{"start":{"line":615,"column":17},"end":{"line":621,"column":11}}]},"68":{"loc":{"start":{"line":615,"column":17},"end":{"line":621,"column":11}},"type":"if","locations":[{"start":{"line":615,"column":17},"end":{"line":621,"column":11}},{"start":{"line":618,"column":17},"end":{"line":621,"column":11}}]},"69":{"loc":{"start":{"line":618,"column":17},"end":{"line":621,"column":11}},"type":"if","locations":[{"start":{"line":618,"column":17},"end":{"line":621,"column":11}},{"start":{},"end":{}}]},"70":{"loc":{"start":{"line":626,"column":6},"end":{"line":628,"column":7}},"type":"if","locations":[{"start":{"line":626,"column":6},"end":{"line":628,"column":7}},{"start":{},"end":{}}]},"71":{"loc":{"start":{"line":630,"column":27},"end":{"line":630,"column":72}},"type":"cond-expr","locations":[{"start":{"line":630,"column":50},"end":{"line":630,"column":61}},{"start":{"line":630,"column":64},"end":{"line":630,"column":72}}]},"72":{"loc":{"start":{"line":659,"column":6},"end":{"line":661,"column":7}},"type":"if","locations":[{"start":{"line":659,"column":6},"end":{"line":661,"column":7}},{"start":{},"end":{}}]},"73":{"loc":{"start":{"line":659,"column":10},"end":{"line":659,"column":82}},"type":"binary-expr","locations":[{"start":{"line":659,"column":10},"end":{"line":659,"column":26}},{"start":{"line":659,"column":30},"end":{"line":659,"column":82}}]},"74":{"loc":{"start":{"line":672,"column":6},"end":{"line":674,"column":7}},"type":"if","locations":[{"start":{"line":672,"column":6},"end":{"line":674,"column":7}},{"start":{},"end":{}}]},"75":{"loc":{"start":{"line":672,"column":10},"end":{"line":672,"column":35}},"type":"binary-expr","locations":[{"start":{"line":672,"column":10},"end":{"line":672,"column":19}},{"start":{"line":672,"column":23},"end":{"line":672,"column":35}}]},"76":{"loc":{"start":{"line":680,"column":6},"end":{"line":694,"column":7}},"type":"if","locations":[{"start":{"line":680,"column":6},"end":{"line":694,"column":7}},{"start":{},"end":{}}]},"77":{"loc":{"start":{"line":710,"column":6},"end":{"line":713,"column":7}},"type":"if","locations":[{"start":{"line":710,"column":6},"end":{"line":713,"column":7}},{"start":{},"end":{}}]},"78":{"loc":{"start":{"line":721,"column":4},"end":{"line":723,"column":5}},"type":"if","locations":[{"start":{"line":721,"column":4},"end":{"line":723,"column":5}},{"start":{},"end":{}}]},"79":{"loc":{"start":{"line":721,"column":8},"end":{"line":721,"column":78}},"type":"binary-expr","locations":[{"start":{"line":721,"column":8},"end":{"line":721,"column":27}},{"start":{"line":721,"column":31},"end":{"line":721,"column":78}}]},"80":{"loc":{"start":{"line":765,"column":2},"end":{"line":767,"column":3}},"type":"if","locations":[{"start":{"line":765,"column":2},"end":{"line":767,"column":3}},{"start":{},"end":{}}]}},"s":{"0":1,"1":1,"2":1,"3":1,"4":1,"5":1,"6":1,"7":5,"8":5,"9":5,"10":0,"11":0,"12":0,"13":0,"14":5,"15":10,"16":10,"17":10,"18":0,"19":0,"20":0,"21":0,"22":1,"23":18,"24":18,"25":18,"26":18,"27":18,"28":18,"29":18,"30":4,"31":18,"32":18,"33":18,"34":0,"35":0,"36":0,"37":0,"38":0,"39":0,"40":0,"41":0,"42":0,"43":0,"44":0,"45":0,"46":0,"47":0,"48":18,"49":0,"50":0,"51":0,"52":0,"53":0,"54":0,"55":0,"56":0,"57":0,"58":0,"59":0,"60":0,"61":0,"62":0,"63":0,"64":0,"65":0,"66":0,"67":0,"68":0,"69":0,"70":0,"71":0,"72":0,"73":0,"74":18,"75":4,"76":4,"77":4,"78":4,"79":4,"80":1,"81":0,"82":1,"83":3,"84":3,"85":3,"86":3,"87":3,"88":0,"89":0,"90":0,"91":0,"92":0,"93":0,"94":0,"95":0,"96":0,"97":3,"98":0,"99":0,"100":0,"101":1,"102":1,"103":1,"104":1,"105":1,"106":0,"107":1,"108":4,"109":18,"110":3,"111":3,"112":3,"113":3,"114":3,"115":0,"116":0,"117":0,"118":3,"119":3,"120":3,"121":3,"122":3,"123":3,"124":3,"125":3,"126":3,"127":0,"128":0,"129":0,"130":3,"131":18,"132":0,"133":0,"134":0,"135":0,"136":18,"137":1,"138":1,"139":1,"140":1,"141":1,"142":0,"143":0,"144":0,"145":1,"146":1,"147":1,"148":1,"149":1,"150":1,"151":1,"152":0,"153":0,"154":0,"155":1,"156":18,"157":0,"158":0,"159":0,"160":0,"161":0,"162":0,"163":0,"164":0,"165":0,"166":0,"167":0,"168":0,"169":0,"170":0,"171":0,"172":0,"173":0,"174":0,"175":0,"176":18,"177":0,"178":0,"179":0,"180":0,"181":0,"182":0,"183":0,"184":0,"185":0,"186":0,"187":0,"188":0,"189":0,"190":0,"191":0,"192":0,"193":0,"194":0,"195":0,"196":0,"197":0,"198":0,"199":0,"200":0,"201":0,"202":0,"203":18,"204":1,"205":0,"206":1,"207":0,"208":1,"209":1,"210":1,"211":1,"212":1,"213":1,"214":1,"215":1,"216":0,"217":1,"218":1,"219":0,"220":1,"221":0,"222":0,"223":0,"224":0,"225":1,"226":1,"227":1,"228":1,"229":0,"230":0,"231":0,"232":0,"233":0,"234":0,"235":0,"236":0,"237":0,"238":0,"239":0,"240":1,"241":0,"242":0,"243":0,"244":0,"245":0,"246":0,"247":0,"248":1,"249":18,"250":5,"251":5,"252":5,"253":5,"254":5,"255":0,"256":5,"257":5,"258":1,"259":4,"260":4,"261":4,"262":0,"263":0,"264":0,"265":0,"266":1,"267":18,"268":0,"269":18,"270":4,"271":4,"272":4,"273":4,"274":4,"275":4,"276":18,"277":9,"278":1,"279":18,"280":18,"281":18,"282":1,"283":1,"284":18,"285":18,"286":0,"287":18,"288":1},"f":{"0":5,"1":10,"2":0,"3":18,"4":4,"5":0,"6":0,"7":0,"8":0,"9":0,"10":0,"11":0,"12":4,"13":0,"14":0,"15":3,"16":0,"17":0,"18":1,"19":0,"20":1,"21":0,"22":0,"23":0,"24":0,"25":0,"26":0,"27":1,"28":0,"29":0,"30":0,"31":0,"32":5,"33":0,"34":0,"35":4,"36":4,"37":9,"38":18,"39":18},"b":{"0":[0,5],"1":[0,0],"2":[4,4],"3":[0,0],"4":[0,0],"5":[0,0],"6":[0,0],"7":[0,0],"8":[0,0],"9":[0,0],"10":[0,0],"11":[0,0],"12":[0,0],"13":[0,0],"14":[0,0],"15":[0,0,0],"16":[0,0],"17":[0,0],"18":[1,3],"19":[4,3],"20":[0,1],"21":[1,1],"22":[0,3],"23":[0,0],"24":[0,0],"25":[0,3],"26":[1,0],"27":[0,1],"28":[1,0],"29":[0,3],"30":[3,3],"31":[0,0],"32":[0,0],"33":[0,0],"34":[0,0],"35":[0,1],"36":[1,1],"37":[0,0],"38":[0,0],"39":[1,0],"40":[1,0],"41":[0,0],"42":[0,0],"43":[0,0],"44":[0,0],"45":[0,0],"46":[0,0],"47":[0,0],"48":[0,0],"49":[0,0],"50":[0,0],"51":[0,0],"52":[0,0],"53":[0,0],"54":[0,0],"55":[0,0],"56":[0,1],"57":[1,0],"58":[0,0,0],"59":[0,1],"60":[1,1],"61":[0,0],"62":[1,1],"63":[0,1],"64":[1,0],"65":[0,0],"66":[0,0],"67":[0,0],"68":[0,0],"69":[0,0],"70":[0,1],"71":[0,0],"72":[0,5],"73":[5,0],"74":[1,4],"75":[5,4],"76":[0,4],"77":[4,0],"78":[1,8],"79":[9,2],"80":[0,18]}}
,"/Users/tannoah/Documents/trae_projects/xiaonuo/frontend/src/contexts/RecordContext.tsx": {"path":"/Users/tannoah/Documents/trae_projects/xiaonuo/frontend/src/contexts/RecordContext.tsx","statementMap":{"0":{"start":{"line":1,"column":0},"end":{"line":1,"column":90}},"1":{"start":{"line":4,"column":0},"end":{"line":4,"column":43}},"2":{"start":{"line":25,"column":22},"end":{"line":25,"column":77}},"3":{"start":{"line":28,"column":26},"end":{"line":28,"column":41}},"4":{"start":{"line":29,"column":23},"end":{"line":29,"column":36}},"5":{"start":{"line":33,"column":2},"end":{"line":46,"column":3}},"6":{"start":{"line":34,"column":18},"end":{"line":34,"column":43}},"7":{"start":{"line":35,"column":4},"end":{"line":43,"column":5}},"8":{"start":{"line":36,"column":34},"end":{"line":36,"column":51}},"9":{"start":{"line":38,"column":6},"end":{"line":40,"column":7}},"10":{"start":{"line":39,"column":8},"end":{"line":39,"column":null}},"11":{"start":{"line":42,"column":6},"end":{"line":42,"column":null}},"12":{"start":{"line":45,"column":4},"end":{"line":45,"column":null}},"13":{"start":{"line":47,"column":2},"end":{"line":47,"column":null}},"14":{"start":{"line":51,"column":2},"end":{"line":58,"column":3}},"15":{"start":{"line":52,"column":4},"end":{"line":55,"column":null}},"16":{"start":{"line":57,"column":4},"end":{"line":57,"column":null}},"17":{"start":{"line":62,"column":2},"end":{"line":66,"column":3}},"18":{"start":{"line":63,"column":4},"end":{"line":63,"column":null}},"19":{"start":{"line":65,"column":4},"end":{"line":65,"column":null}},"20":{"start":{"line":69,"column":65},"end":{"line":300,"column":1}},"21":{"start":{"line":70,"column":32},"end":{"line":70,"column":58}},"22":{"start":{"line":71,"column":36},"end":{"line":71,"column":51}},"23":{"start":{"line":72,"column":32},"end":{"line":72,"column":80}},"24":{"start":{"line":73,"column":34},"end":{"line":73,"column":67}},"25":{"start":{"line":74,"column":28},"end":{"line":74,"column":62}},"26":{"start":{"line":77,"column":23},"end":{"line":115,"column":8}},"27":{"start":{"line":78,"column":4},"end":{"line":78,"column":null}},"28":{"start":{"line":79,"column":4},"end":{"line":79,"column":null}},"29":{"start":{"line":81,"column":4},"end":{"line":114,"column":5}},"30":{"start":{"line":82,"column":23},"end":{"line":91,"column":8}},"31":{"start":{"line":93,"column":6},"end":{"line":96,"column":7}},"32":{"start":{"line":94,"column":29},"end":{"line":94,"column":72}},"33":{"start":{"line":94,"column":63},"end":{"line":94,"column":71}},"34":{"start":{"line":95,"column":8},"end":{"line":95,"column":null}},"35":{"start":{"line":98,"column":19},"end":{"line":98,"column":40}},"36":{"start":{"line":99,"column":29},"end":{"line":99,"column":52}},"37":{"start":{"line":100,"column":6},"end":{"line":100,"column":null}},"38":{"start":{"line":102,"column":6},"end":{"line":102,"column":null}},"39":{"start":{"line":104,"column":27},"end":{"line":104,"column":72}},"40":{"start":{"line":105,"column":6},"end":{"line":108,"column":null}},"41":{"start":{"line":110,"column":28},"end":{"line":110,"column":73}},"42":{"start":{"line":111,"column":6},"end":{"line":111,"column":null}},"43":{"start":{"line":113,"column":6},"end":{"line":113,"column":null}},"44":{"start":{"line":118,"column":2},"end":{"line":120,"column":null}},"45":{"start":{"line":119,"column":4},"end":{"line":119,"column":null}},"46":{"start":{"line":123,"column":20},"end":{"line":165,"column":8}},"47":{"start":{"line":124,"column":4},"end":{"line":124,"column":null}},"48":{"start":{"line":125,"column":4},"end":{"line":125,"column":null}},"49":{"start":{"line":127,"column":4},"end":{"line":164,"column":5}},"50":{"start":{"line":128,"column":23},"end":{"line":135,"column":8}},"51":{"start":{"line":138,"column":19},"end":{"line":140,"column":8}},"52":{"start":{"line":139,"column":8},"end":{"line":139,"column":null}},"53":{"start":{"line":142,"column":6},"end":{"line":149,"column":7}},"54":{"start":{"line":144,"column":8},"end":{"line":146,"column":9}},"55":{"start":{"line":145,"column":10},"end":{"line":145,"column":null}},"56":{"start":{"line":148,"column":8},"end":{"line":148,"column":null}},"57":{"start":{"line":151,"column":24},"end":{"line":151,"column":40}},"58":{"start":{"line":152,"column":6},"end":{"line":152,"column":null}},"59":{"start":{"line":152,"column":25},"end":{"line":152,"column":45}},"60":{"start":{"line":154,"column":6},"end":{"line":154,"column":null}},"61":{"start":{"line":156,"column":27},"end":{"line":156,"column":72}},"62":{"start":{"line":157,"column":6},"end":{"line":160,"column":null}},"63":{"start":{"line":161,"column":6},"end":{"line":161,"column":null}},"64":{"start":{"line":163,"column":6},"end":{"line":163,"column":null}},"65":{"start":{"line":168,"column":23},"end":{"line":226,"column":8}},"66":{"start":{"line":169,"column":4},"end":{"line":169,"column":null}},"67":{"start":{"line":170,"column":4},"end":{"line":170,"column":null}},"68":{"start":{"line":172,"column":4},"end":{"line":225,"column":5}},"69":{"start":{"line":173,"column":23},"end":{"line":180,"column":8}},"70":{"start":{"line":183,"column":19},"end":{"line":185,"column":8}},"71":{"start":{"line":184,"column":8},"end":{"line":184,"column":null}},"72":{"start":{"line":187,"column":6},"end":{"line":195,"column":7}},"73":{"start":{"line":189,"column":8},"end":{"line":191,"column":9}},"74":{"start":{"line":190,"column":10},"end":{"line":190,"column":null}},"75":{"start":{"line":193,"column":8},"end":{"line":193,"column":39}},"76":{"start":{"line":194,"column":8},"end":{"line":194,"column":null}},"77":{"start":{"line":197,"column":28},"end":{"line":197,"column":44}},"78":{"start":{"line":198,"column":6},"end":{"line":200,"column":null}},"79":{"start":{"line":198,"column":25},"end":{"line":199,"column":null}},"80":{"start":{"line":199,"column":8},"end":{"line":199,"column":50}},"81":{"start":{"line":202,"column":6},"end":{"line":202,"column":null}},"82":{"start":{"line":204,"column":27},"end":{"line":204,"column":72}},"83":{"start":{"line":205,"column":6},"end":{"line":208,"column":null}},"84":{"start":{"line":210,"column":6},"end":{"line":221,"column":7}},"85":{"start":{"line":211,"column":8},"end":{"line":220,"column":null}},"86":{"start":{"line":211,"column":27},"end":{"line":220,"column":10}},"87":{"start":{"line":212,"column":10},"end":{"line":218,"column":11}},"88":{"start":{"line":213,"column":12},"end":{"line":217,"column":null}},"89":{"start":{"line":219,"column":10},"end":{"line":219,"column":null}},"90":{"start":{"line":222,"column":6},"end":{"line":222,"column":null}},"91":{"start":{"line":224,"column":6},"end":{"line":224,"column":null}},"92":{"start":{"line":229,"column":23},"end":{"line":260,"column":8}},"93":{"start":{"line":230,"column":4},"end":{"line":230,"column":null}},"94":{"start":{"line":231,"column":4},"end":{"line":231,"column":null}},"95":{"start":{"line":233,"column":4},"end":{"line":259,"column":5}},"96":{"start":{"line":234,"column":23},"end":{"line":239,"column":8}},"97":{"start":{"line":241,"column":6},"end":{"line":244,"column":7}},"98":{"start":{"line":242,"column":29},"end":{"line":242,"column":72}},"99":{"start":{"line":242,"column":63},"end":{"line":242,"column":71}},"100":{"start":{"line":243,"column":8},"end":{"line":243,"column":null}},"101":{"start":{"line":246,"column":6},"end":{"line":246,"column":null}},"102":{"start":{"line":246,"column":25},"end":{"line":246,"column":65}},"103":{"start":{"line":246,"column":47},"end":{"line":246,"column":64}},"104":{"start":{"line":248,"column":6},"end":{"line":248,"column":null}},"105":{"start":{"line":250,"column":27},"end":{"line":250,"column":72}},"106":{"start":{"line":251,"column":6},"end":{"line":254,"column":null}},"107":{"start":{"line":256,"column":6},"end":{"line":256,"column":null}},"108":{"start":{"line":256,"column":25},"end":{"line":256,"column":65}},"109":{"start":{"line":256,"column":47},"end":{"line":256,"column":64}},"110":{"start":{"line":258,"column":6},"end":{"line":258,"column":null}},"111":{"start":{"line":263,"column":24},"end":{"line":265,"column":8}},"112":{"start":{"line":264,"column":4},"end":{"line":264,"column":null}},"113":{"start":{"line":268,"column":26},"end":{"line":280,"column":24}},"114":{"start":{"line":269,"column":17},"end":{"line":269,"column":29}},"115":{"start":{"line":271,"column":4},"end":{"line":273,"column":5}},"116":{"start":{"line":272,"column":6},"end":{"line":272,"column":null}},"117":{"start":{"line":272,"column":39},"end":{"line":272,"column":67}},"118":{"start":{"line":275,"column":4},"end":{"line":277,"column":5}},"119":{"start":{"line":276,"column":6},"end":{"line":276,"column":null}},"120":{"start":{"line":276,"column":39},"end":{"line":276,"column":71}},"121":{"start":{"line":279,"column":4},"end":{"line":279,"column":null}},"122":{"start":{"line":282,"column":2},"end":{"line":299,"column":null}},"123":{"start":{"line":69,"column":13},"end":{"line":69,"column":65}},"124":{"start":{"line":303,"column":25},"end":{"line":309,"column":1}},"125":{"start":{"line":304,"column":18},"end":{"line":304,"column":43}},"126":{"start":{"line":305,"column":2},"end":{"line":307,"column":3}},"127":{"start":{"line":306,"column":4},"end":{"line":306,"column":null}},"128":{"start":{"line":308,"column":2},"end":{"line":308,"column":null}},"129":{"start":{"line":303,"column":13},"end":{"line":303,"column":25}}},"fnMap":{"0":{"name":"getFromCache","decl":{"start":{"line":32,"column":9},"end":{"line":32,"column":21}},"loc":{"start":{"line":32,"column":36},"end":{"line":48,"column":1}}},"1":{"name":"setToCache","decl":{"start":{"line":50,"column":9},"end":{"line":50,"column":19}},"loc":{"start":{"line":50,"column":43},"end":{"line":59,"column":1}}},"2":{"name":"removeFromCache","decl":{"start":{"line":61,"column":9},"end":{"line":61,"column":24}},"loc":{"start":{"line":61,"column":36},"end":{"line":67,"column":1}}},"3":{"name":"(anonymous_12)","decl":{"start":{"line":69,"column":65},"end":{"line":69,"column":66}},"loc":{"start":{"line":69,"column":82},"end":{"line":300,"column":1}}},"4":{"name":"(anonymous_13)","decl":{"start":{"line":77,"column":35},"end":{"line":77,"column":40}},"loc":{"start":{"line":77,"column":46},"end":{"line":115,"column":3}}},"5":{"name":"(anonymous_14)","decl":{"start":{"line":94,"column":57},"end":{"line":94,"column":60}},"loc":{"start":{"line":94,"column":63},"end":{"line":94,"column":71}}},"6":{"name":"(anonymous_15)","decl":{"start":{"line":118,"column":12},"end":{"line":118,"column":15}},"loc":{"start":{"line":118,"column":17},"end":{"line":120,"column":3}}},"7":{"name":"(anonymous_16)","decl":{"start":{"line":123,"column":32},"end":{"line":123,"column":37}},"loc":{"start":{"line":123,"column":70},"end":{"line":165,"column":3}}},"8":{"name":"(anonymous_17)","decl":{"start":{"line":138,"column":47},"end":{"line":138,"column":50}},"loc":{"start":{"line":138,"column":52},"end":{"line":140,"column":7}}},"9":{"name":"(anonymous_18)","decl":{"start":{"line":152,"column":17},"end":{"line":152,"column":21}},"loc":{"start":{"line":152,"column":25},"end":{"line":152,"column":45}}},"10":{"name":"(anonymous_19)","decl":{"start":{"line":168,"column":35},"end":{"line":168,"column":40}},"loc":{"start":{"line":168,"column":86},"end":{"line":226,"column":3}}},"11":{"name":"(anonymous_20)","decl":{"start":{"line":183,"column":47},"end":{"line":183,"column":50}},"loc":{"start":{"line":183,"column":52},"end":{"line":185,"column":7}}},"12":{"name":"(anonymous_21)","decl":{"start":{"line":198,"column":17},"end":{"line":198,"column":21}},"loc":{"start":{"line":198,"column":25},"end":{"line":199,"column":null}}},"13":{"name":"(anonymous_22)","decl":{"start":{"line":198,"column":34},"end":{"line":198,"column":40}},"loc":{"start":{"line":199,"column":8},"end":{"line":199,"column":50}}},"14":{"nam
[...]
mn":64}},"type":"binary-expr","locations":[{"start":{"line":252,"column":18},"end":{"line":252,"column":36}},{"start":{"line":252,"column":40},"end":{"line":252,"column":58}},{"start":{"line":252,"column":62},"end":{"line":252,"column":64}}]},"39":{"loc":{"start":{"line":253,"column":18},"end":{"line":253,"column":42}},"type":"binary-expr","locations":[{"start":{"line":253,"column":18},"end":{"line":253,"column":36}},{"start":{"line":253,"column":40},"end":{"line":253,"column":42}}]},"40":{"loc":{"start":{"line":254,"column":15},"end":{"line":254,"column":36}},"type":"binary-expr","locations":[{"start":{"line":254,"column":15},"end":{"line":254,"column":30}},{"start":{"line":254,"column":34},"end":{"line":254,"column":36}}]},"41":{"loc":{"start":{"line":255,"column":15},"end":{"line":255,"column":36}},"type":"binary-expr","locations":[{"start":{"line":255,"column":15},"end":{"line":255,"column":30}},{"start":{"line":255,"column":34},"end":{"line":255,"column":36}}]},"42":{"loc":{"start":{"line":256,"column":16},"end":{"line":256,"column":38}},"type":"binary-expr","locations":[{"start":{"line":256,"column":16},"end":{"line":256,"column":32}},{"start":{"line":256,"column":36},"end":{"line":256,"column":38}}]},"43":{"loc":{"start":{"line":257,"column":14},"end":{"line":257,"column":38}},"type":"binary-expr","locations":[{"start":{"line":257,"column":14},"end":{"line":257,"column":28}},{"start":{"line":257,"column":32},"end":{"line":257,"column":38}}]},"44":{"loc":{"start":{"line":258,"column":21},"end":{"line":258,"column":51}},"type":"binary-expr","locations":[{"start":{"line":258,"column":21},"end":{"line":258,"column":42}},{"start":{"line":258,"column":46},"end":{"line":258,"column":51}}]},"45":{"loc":{"start":{"line":260,"column":15},"end":{"line":260,"column":48}},"type":"binary-expr","locations":[{"start":{"line":260,"column":15},"end":{"line":260,"column":41}},{"start":{"line":260,"column":45},"end":{"line":260,"column":48}}]},"46":{"loc":{"start":{"line":262,"column":18},"end":{"line":262,"column":50}},"type":"cond-expr","locations":[{"start":{"line":262,"column":30},"end":{"line":262,"column":39}},{"start":{"line":262,"column":42},"end":{"line":262,"column":50}}]},"47":{"loc":{"start":{"line":270,"column":27},"end":{"line":270,"column":74}},"type":"cond-expr","locations":[{"start":{"line":270,"column":50},"end":{"line":270,"column":61}},{"start":{"line":270,"column":64},"end":{"line":270,"column":74}}]},"48":{"loc":{"start":{"line":279,"column":8},"end":{"line":283,"column":9}},"type":"if","locations":[{"start":{"line":279,"column":8},"end":{"line":283,"column":9}},{"start":{},"end":{}}]},"49":{"loc":{"start":{"line":298,"column":11},"end":{"line":298,"column":52}},"type":"binary-expr","locations":[{"start":{"line":298,"column":11},"end":{"line":298,"column":17}},{"start":{"line":298,"column":21},"end":{"line":298,"column":52}}]},"50":{"loc":{"start":{"line":321,"column":2},"end":{"line":323,"column":3}},"type":"if","locations":[{"start":{"line":321,"column":2},"end":{"line":323,"column":3}},{"start":{},"end":{}}]}},"s":{"0":2,"1":2,"2":2,"3":2,"4":2,"5":2,"6":2,"7":8,"8":8,"9":8,"10":0,"11":0,"12":0,"13":0,"14":8,"15":2,"16":8,"17":8,"18":8,"19":0,"20":2,"21":0,"22":2,"23":21,"24":8,"25":21,"26":21,"27":21,"28":8,"29":8,"30":0,"31":0,"32":0,"33":8,"34":8,"35":8,"36":8,"37":8,"38":2,"39":0,"40":2,"41":6,"42":6,"43":0,"44":6,"45":6,"46":6,"47":6,"48":6,"49":0,"50":6,"51":0,"52":6,"53":6,"54":6,"55":6,"56":0,"57":2,"58":2,"59":2,"60":2,"61":2,"62":2,"63":2,"64":2,"65":8,"66":21,"67":8,"68":21,"69":8,"70":0,"71":0,"72":8,"73":8,"74":8,"75":21,"76":0,"77":0,"78":0,"79":0,"80":0,"81":0,"82":0,"83":0,"84":0,"85":0,"86":0,"87":0,"88":0,"89":0,"90":0,"91":0,"92":0,"93":0,"94":0,"95":0,"96":0,"97":0,"98":0,"99":0,"100":0,"101":0,"102":0,"103":0,"104":0,"105":0,"106":0,"107":0,"108":0,"109":21,"110":0,"111":21,"112":13,"113":21,"114":21,"115":21,"116":2,"117":2,"118":21,"119":21,"120":0,"121":21,"122":2},"f":{"0":8,"1":8,"2":0,"3":21,"4":8,"5":8,"6":0,"7":8,"8":8,"9":0,"10":8,"11":0,"12":0,"13":0,"14":0,"15":13,"16":21,"17":21},"b":{"0":[0,8],"1":[0,0],"2":[0,8],"3":[2,6],"4":[8,6],"5":[0,2],"6":[2,2],"7":[0,6],"8":[6,6],"9":[0,6],"10":[0,6],"11":[0,0],"12":[0,0],"13":[6,6],"14":[6,6,6],"15":[6,6],"16":[6,6],"17":[6,6],"18":[6,6],"19":[6,6],"20":[6,6],"21":[6,6],"22":[0,6],"23":[0,6],"24":[6,0],"25":[2,0],"26":[2,0],"27":[2,2],"28":[0,0],"29":[0,0],"30":[0,0],"31":[0,0],"32":[0,0],"33":[0,0],"34":[0,0],"35":[0,0],"36":[0,0],"37":[0,0],"38":[0,0,0],"39":[0,0],"40":[0,0],"41":[0,0],"42":[0,0],"43":[0,0],"44":[0,0],"45":[0,0],"46":[0,0],"47":[0,0],"48":[0,0],"49":[13,5],"50":[0,21]}}
,"/Users/tannoah/Documents/trae_projects/xiaonuo/frontend/src/services/websocketService.ts": {"path":"/Users/tannoah/Documents/trae_projects/xiaonuo/frontend/src/services/websocketService.ts","statementMap":{"0":{"start":{"line":6,"column":0},"end":{"line":6,"column":45}},"1":{"start":{"line":9,"column":34},"end":{"line":9,"column":38}},"2":{"start":{"line":10,"column":30},"end":{"line":10,"column":31}},"3":{"start":{"line":11,"column":33},"end":{"line":11,"column":34}},"4":{"start":{"line":12,"column":27},"end":{"line":12,"column":31}},"5":{"start":{"line":13,"column":24},"end":{"line":13,"column":29}},"6":{"start":{"line":14,"column":69},"end":{"line":14,"column":78}},"7":{"start":{"line":15,"column":34},"end":{"line":15,"column":38}},"8":{"start":{"line":16,"column":33},"end":{"line":16,"column":37}},"9":{"start":{"line":22,"column":4},"end":{"line":22,"column":null}},"10":{"start":{"line":23,"column":4},"end":{"line":23,"column":null}},"11":{"start":{"line":24,"column":4},"end":{"line":24,"column":null}},"12":{"start":{"line":31,"column":4},"end":{"line":33,"column":5}},"13":{"start":{"line":32,"column":6},"end":{"line":32,"column":12}},"14":{"start":{"line":35,"column":4},"end":{"line":100,"column":5}},"15":{"start":{"line":37,"column":20},"end":{"line":37,"column":43}},"16":{"start":{"line":39,"column":6},"end":{"line":42,"column":null}},"17":{"start":{"line":44,"column":6},"end":{"line":49,"column":null}},"18":{"start":{"line":45,"column":8},"end":{"line":45,"column":null}},"19":{"start":{"line":46,"column":8},"end":{"line":46,"column":null}},"20":{"start":{"line":47,"column":8},"end":{"line":47,"column":null}},"21":{"start":{"line":48,"column":8},"end":{"line":48,"column":null}},"22":{"start":{"line":51,"column":6},"end":{"line":53,"column":null}},"23":{"start":{"line":52,"column":8},"end":{"line":52,"column":null}},"24":{"start":{"line":55,"column":6},"end":{"line":59,"column":null}},"25":{"start":{"line":56,"column":8},"end":{"line":56,"column":null}},"26":{"start":{"line":57,"column":8},"end":{"line":57,"column":null}},"27":{"start":{"line":58,"column":8},"end":{"line":58,"column":null}},"28":{"start":{"line":61,"column":6},"end":{"line":64,"column":null}},"29":{"start":{"line":62,"column":8},"end":{"line":62,"column":null}},"30":{"start":{"line":63,"column":8},"end":{"line":63,"column":null}},"31":{"start":{"line":66,"column":6},"end":{"line":68,"column":null}},"32":{"start":{"line":67,"column":8},"end":{"line":67,"column":null}},"33":{"start":{"line":70,"column":6},"end":{"line":72,"column":null}},"34":{"start":{"line":71,"column":8},"end":{"line":71,"column":null}},"35":{"start":{"line":74,"column":6},"end":{"line":76,"column":null}},"36":{"start":{"line":75,"column":8},"end":{"line":75,"column":null}},"37":{"start":{"line":78,"column":6},"end":{"line":80,"column":null}},"38":{"start":{"line":79,"column":8},"end":{"line":79,"column":null}},"39":{"start":{"line":82,"column":6},"end":{"line":84,"column":null}},"40":{"start":{"line":83,"column":8},"end":{"line":83,"column":null}},"41":{"start":{"line":86,"column":6},"end":{"line":88,"column":null}},"42":{"start":{"line":87,"column":8},"end":{"line":87,"column":null}},"43":{"start":{"line":90,"column":6},"end":{"line":92,"column":null}},"44":{"start":{"line":91,"column":8},"end":{"line":91,"column":null}},"45":{"start":{"line":94,"column":6},"end":{"line":96,"column":null}},"46":{"start":{"line":95,"column":8},"end":{"line":95,"column":null}},"47":{"start":{"line":98,"column":6},"end":{"line":98,"column":null}},"48":{"start":{"line":99,"column":6},"end":{"line":99,"column":null}},"49":{"start":{"line":107,"column":4},"end":{"line":116,"column":5}},"50":{"start":{"line":108,"column":6},"end":{"line":108,"column":null}},"51":{"start":{"line":109,"column":6},"end":{"line":109,"column":null}},"52":{"start":{"line":111,"column":6},"end":{"line":113,"column":72}},"53":{"start":{"line":112,"column":8},"end":{"line":112,"column":null}},"54":{"start":{"line":115,"column":6},"end":{"line":115,"column":null}},"55":{"start":{"line":123,"column":4},"end":{"line":128,"column":5}},"56":{"start":{"line":124,"column":6},"end":{"line":127,"column":null}},"57":{"start":{"line":135,"column":4},"end":{"line":139,"column":5}},"58":{"start":{"line":136,"column":6},"end":{"line":136,"column":null}},"59":{"start":{"line":138,"column":6},"end":{"line":138,"column":null}},"60":{"start":{"line":146,"column":4},"end":{"line":148,"column":5}},"61":{"start":{"line":147,"column":6},"end":{"line":147,"column":null}},"62":{"start":{"line":149,"column":4},"end":{"line":149,"column":null}},"63":{"start":{"line":156,"column":21},"end":{"line":156,"column":52}},"64":{"start":{"line":157,"column":4},"end":{"line":159,"column":5}},"65":{"start":{"line":158,"column":6},"end":{"line":158,"column":null}},"66":{"start":{"line":158,"column":59},"end":{"line":158,"column":72}},"67":{"start":{"line":166,"column":21},"end":{"line":166,"column":52}},"68":{"start":{"line":167,"column":4},"end":{"line":175,"column":5}},"69":{"start":{"line":168,"column":6},"end":{"line":174,"column":null}},"70":{"start":{"line":169,"column":8},"end":{"line":173,"column":9}},"71":{"start":{"line":170,"column":10},"end":{"line":170,"column":null}},"72":{"start":{"line":172,"column":10},"end":{"line":172,"column":null}},"73":{"start":{"line":182,"column":4},"end":{"line":186,"column":5}},"74":{"start":{"line":183,"column":6},"end":{"line":183,"column":null}},"75":{"start":{"line":185,"column":6},"end":{"line":185,"column":null}},"76":{"start":{"line":193,"column":4},"end":{"line":199,"column":5}},"77":{"start":{"line":194,"column":6},"end":{"line":194,"column":null}},"78":{"start":{"line":195,"column":6},"end":{"line":195,"column":null}},"79":{"start":{"line":196,"column":6},"end":{"line":196,"column":null}},"80":{"start":{"line":197,"column":6},"end":{"line":197,"column":null}},"81":{"start":{"line":198,"column":6},"end":{"line":198,"column":null}},"82":{"start":{"line":206,"column":4},"end":{"line":206,"column":null}},"83":{"start":{"line":211,"column":25},"end":{"line":211,"column":47}},"84":{"start":{"line":212,"column":0},"end":{"line":212,"column":null}}},"fnMap":{"0":{"name":"(anonymous_0)","decl":{"start":{"line":21,"column":2},"end":{"line":21,"column":6}},"loc":{"start":{"line":21,"column":36},"end":{"line":25,"column":3}}},"1":{"name":"(anonymous_1)","decl":{"start":{"line":30,"column":10},"end":{"line":30,"column":17}},"loc":{"start":{"line":30,"column":17},"end":{"line":101,"column":3}}},"2":{"name":"(anonymous_2)","decl":{"start":{"line":44,"column":32},"end":{"line":44,"column":35}},"loc":{"start":{"line":44,"column":37},"end":{"line":49,"column":7}}},"3":{"name":"(anonymous_3)","decl":{"start":{"line":51,"column":32},"end":{"line":51,"column":33}},"loc":{"start":{"line":51,"column":41},"end":{"line":53,"column":7}}},"4":{"name":"(anonymous_4)","decl":{"start":{"line":55,"column":35},"end":{"line":55,"column":38}},"loc":{"start":{"line":55,"column":40},"end":{"line":59,"column":7}}},"5":{"name":"(anonymous_5)","decl":{"start":{"line":61,"column":30},"end":{"line":61,"column":31}},"loc":{"start":{"line":61,"column":40},"end":{"line":64,"column":7}}},"6":{"name":"(anonymous_6)","decl":{"start":{"line":66,"column":38},"end":{"line":66,"column":41}},"loc":{"start":{"line":66,"column":43},"end":{"line":68,"column":7}}},"7":{"name":"(anonymous_7)","decl":{"start":{"line":70,"column":45},"end":{"line":70,"column":46}},"loc":{"start":{"line":70,"column":54},"end":{"line":72,"column":7}}},"8":{"name":"(anonymous_8)","decl":{"start":{"line":74,"column":36},"end":{"line":74,"column":37}},"loc":{"start":{"line":74,"column":45},"end":{"line":76,"column":7}}},"9":{"name":"(anonymous_9)","decl":{"start":{"line":78,"column":38},"end":{"line":78,"column":39}},"loc":{"start":{"line":78,"column":47},"end":{"line":80,"column":7}}},"10":{"name":"(anonymous_10)","decl":{"start":{"line":82,"column":35},"end":{"line":82,"column":36}},"loc":{"start":{"line":82,"column":44},"end":{"line":84,"column":7}}},"11":{"name":"(anonymous_11)","decl":{"start":{"line":86,"column":43},"end":{"line":86,"column":44}},"loc":{"start":{"line":86,"column":52},"end":{"line":88,"column":7}}},"12":{"name":"(anonymous_12)","decl":{"start":{"line":90,"column":46},"end":{"line":90,"column":47}},"loc":{"start":{"line":90,"column":55},"end":{"line":92,"column":7}}},"13":{"name":"(anonymous_13)","decl":{"start":{"line":94,"column":44},"end":{"line":94,"column":45}},"loc":{"start":{"line":94,"column":53},"end":{"line":96,"column":7}}},"14":{"name":"(anonymous_14)","decl":{"start":{"line":106,"column":10},"end":{"line":106,"column":26}},"loc":{"start":{"line":106,"column":26},"end":{"line":117,"column":3}}},"15":{"name":"(anonymous_15)","decl":{"start":{"line":111,"column":17},"end":{"line":111,"column":20}},"loc":{"start":{"line":111,"column":22},"end":{"line":113,"column":7}}},"16":{"name":"(anonymous_16)","decl":{"start":{"line":122,"column":10},"end":{"line":122,"column":22}},"loc":{"start":{"line":122,"column":22},"end":{"line":129,"column":3}}},"17":{"name":"(anonymous_17)","decl":{"start":{"line":134,"column":10},"end":{"line":134,"column":23}},"loc":{"start":{"line":134,"column":33},"end":{"line":140,"column":3}}},"18":{"name":"(anonymous_18)","decl":{"start":{"line":145,"column":2},"end":{"line":145,"column":4}},"loc":{"start":{"line":145,"column":48},"end":{"line":150,"column":3}}},"19":{"name":"(anonymous_19)","decl":{"start":{"line":155,"column":2},"end":{"line":155,"column":5}},"loc":{"start":{"line":155,"column":49},"end":{"line":160,"column":3}}},"20":{"name":"(anonymous_20)","decl":{"start":{"line":158,"column":54},"end":{"line":158,"column":55}},"loc":{"start":{"line":158,"column":59},"end":{"line":158,"column":72}}},"21":{"name":"(anonymous_21)","decl":{"start":{"line":165,"column":10},"end":{"line":165,"column":24}},"loc":{"start":{"line":165,"column":49},"end":{"line":176,"column":3}}},"22":{"name":"(anonymous_22)","decl":{"start":{"line":168,"column":23},"end":{"line":168,"column":30}},"loc":{"start":{"line":168,"column":33},"end":{"line":174,"column":7}}},"23":{"name":"(anonymous_23)","decl":{"start":{"line":181,"column":2},"end":{"line":181,"column":6}},"loc":{"start":{"line":181,"column":30},"end":{"line":187,"column":3}}},"24":{"name":"(anonymous_24)","decl":{"start":{"line":192,"column":2},"end":{"line":192,"column":7}},"loc":{"start":{"line":192,"column":7},"end":{"line":200,"column":3}}},"25":{"name":"(anonymous_25)","decl":{"start":{"line":205,"column":2},"end":{"line":205,"column":21}},"loc":{"start":{"line":205,"column":21},"end":{"line":207,"column":3}}}},"branchMap":{"0":{"loc":{"start":{"line":31,"column":4},"end":{"line":33,"column":5}},"type":"if","locations":[{"start":{"line":31,"column":4},"end":{"line":33,"column":5}},{"start":{},"end":{}}]},"1":{"loc":{"start":{"line":31,"column":8},"end":{"line":31,"column":39}},"type":"binary-expr","locations":[{"start":{"line":31,"column":8},"end":{"line":31,"column":19}},{"start":{"line":31,"column":23},"end":{"line":31,"column":39}}]},"2":{"loc":{"start":{"line":107,"column":4},"end":{"line":116,"column":5}},"type":"if","locations":[{"start":{"line":107,"column":4},"end":{"line":116,"column":5}},{"start":{"line":114,"column":11},"end":{"line":116,"column":5}}]},"3":{"loc":{"start":{"line":123,"column":4},"end":{"line":128,"column":5}},"type":"if","locations":[{"start":{"line":123,"column":4},"end":{"line":128,"column":5}},{"start":{},"end":{}}]},"4":{"loc":{"start":{"line":123,"column":8},"end":{"line":123,"column":68}},"type":"binary-expr","locations":[{"start":{"line":123,"column":8},"end":{"line":123,"column":19}},{"start":{"line":123,"column":23},"end":{"line":123,"column":39}},{"start":{"line":123,"column":43},"end":{"line":123,"column":54}},{"start":{"line":123,"column":58},"end":{"line":123,"column":68}}]},"5":{"loc":{"start":{"line":146,"column":4},"end":{"line":148,"column":5}},"type":"if","locations":[{"start":{"line":146,"column":4},"end":{"line":148,"column":5}},{"start":{},"end":{}}]},"6":{"loc":{"start":{"line":157,"column":4},"end":{"line":159,"column":5}},"type":"if","locations":[{"start":{"line":157,"column":4},"end":{"line":159,"column":5}},{"start":{},"end":{}}]},"7":{"loc":{"start":{"line":167,"column":4},"end":{"line":175,"column":5}},"type":"if","locations":[{"start":{"line":167,"column":4},"end":{"line":175,"column":5}},{"start":{},"end":{}}]},"8":{"loc":{"start":{"line":182,"column":4},"end":{"line":186,"column":5}},"type":"if","locations":[{"start":{"line":182,"column":4},"end":{"line":186,"column":5}},{"start":{"line":184,"column":11},"end":{"line":186,"column":5}}]},"9":{"loc":{"start":{"line":182,"column":8},"end":{"line":182,"column":39}},"type":"binary-expr","locations":[{"start":{"line":182,"column":8},"end":{"line":182,"column":19}},{"start":{"line":182,"column":23},"end":{"line":182,"column":39}}]},"10":{"loc":{"start":{"line":193,"column":4},"end":{"line":199,"column":5}},"type":"if","locations":[{"start":{"line":193,"column":4},"end":{"line":199,"column":5}},{"start":{},"end":{}}]}},"s":{"0":3,"1":3,"2":3,"3":3,"4":3,"5":3,"6":3,"7":3,"8":3,"9":8,"10":8,"11":8,"12":8,"13":0,"14":8,"15":8,"16":8,"17":8,"18":4,"19":4,"20":4,"21":4,"22":8,"23":0,"24":8,"25":0,"26":0,"27":0,"28":8,"29":0,"30":0,"31":8,"32":0,"33":8,"34":0,"35":8,"36":1,"37":8,"38":1,"39":8,"40":0,"41":8,"42":0,"43":8,"44":0,"45":8,"46":0,"47":0,"48":0,"49":0,"50":0,"51":0,"52":0,"53":0,"54":0,"55":4,"56":4,"57":0,"58":0,"59":0,"60":2,"61":2,"62":2,"63":1,"64":1,"65":1,"66":1,"67":2,"68":2,"69":2,"70":1,"71":1,"72":0,"73":1,"74":1,"75":0,"76":7,"77":6,"78":6,"79":6,"80":6,"81":6,"82":1,"83":3,"84":3},"f":{"0":8,"1":8,"2":4,"3":0,"4":0,"5":0,"6":0,"7":0,"8":1,"9":1,"10":0,"11":0,"12":0,"13":0,"14":0,"15":0,"16":4,"17":0,"18":2,"19":1,"20":1,"21":2,"22":1,"23":1,"24":7,"25":1},"b":{"0":[0,8],"1":[8,0],"2":[0,0],"3":[4,0],"4":[4,4,4,4],"5":[2,0],"6":[1,0],"7":[2,0],"8":[1,0],"9":[1,1],"10":[6,1]}}
,"/Users/tannoah/Documents/trae_projects/xiaonuo/frontend/src/utils/env.ts": {"path":"/Users/tannoah/Documents/trae_projects/xiaonuo/frontend/src/utils/env.ts","statementMap":{"0":{"start":{"line":4,"column":27},"end":{"line":4,"column":54}},"1":{"start":{"line":18,"column":9},"end":{"line":18,"column":21}},"2":{"start":{"line":7,"column":0},"end":{"line":16,"column":1}},"3":{"start":{"line":9,"column":2},"end":{"line":15,"column":3}},"4":{"start":{"line":10,"column":4},"end":{"line":10,"column":69}},"5":{"start":{"line":13,"column":7},"end":{"line":15,"column":3}},"6":{"start":{"line":14,"column":4},"end":{"line":14,"column":65}}},"fnMap":{},"branchMap":{"0":{"loc":{"start":{"line":7,"column":0},"end":{"line":16,"column":1}},"type":"if","locations":[{"start":{"line":7,"column":0},"end":{"line":16,"column":1}},{"start":{},"end":{}}]},"1":{"loc":{"start":{"line":9,"column":2},"end":{"line":15,"column":3}},"type":"if","locations":[{"start":{"line":9,"column":2},"end":{"line":15,"column":3}},{"start":{"line":13,"column":7},"end":{"line":15,"column":3}}]},"2":{"loc":{"start":{"line":13,"column":7},"end":{"line":15,"column":3}},"type":"if","locations":[{"start":{"line":13,"column":7},"end":{"line":15,"column":3}},{"start":{},"end":{}}]}},"s":{"0":3,"1":3,"2":3,"3":3,"4":3,"5":0,"6":0},"f":{},"b":{"0":[3,0],"1":[3,0],"2":[0,0]}}
}
