TN:
SF:src/components/Plan/PlanManagement.tsx
FN:10,(anonymous_0)
FN:19,(anonymous_1)
FN:79,(anonymous_2)
FN:84,(anonymous_3)
FN:101,(anonymous_4)
FN:106,(anonymous_5)
FN:113,(anonymous_6)
FN:142,(anonymous_7)
FN:156,(anonymous_8)
FN:167,(anonymous_9)
FN:180,(anonymous_10)
FN:193,(anonymous_11)
FN:211,(anonymous_12)
FN:216,(anonymous_13)
FN:233,(anonymous_14)
FN:239,(anonymous_15)
FN:248,(anonymous_16)
FN:250,(anonymous_17)
FN:262,(anonymous_18)
FN:267,(anonymous_19)
FN:275,(anonymous_20)
FN:282,(anonymous_21)
FN:298,(anonymous_22)
FN:361,(anonymous_23)
FN:362,(anonymous_24)
FN:375,(anonymous_25)
FN:376,(anonymous_26)
FNF:27
FNH:3
FNDA:4,(anonymous_0)
FNDA:2,(anonymous_1)
FNDA:2,(anonymous_2)
FNDA:0,(anonymous_3)
FNDA:0,(anonymous_4)
FNDA:0,(anonymous_5)
FNDA:0,(anonymous_6)
FNDA:0,(anonymous_7)
FNDA:0,(anonymous_8)
FNDA:0,(anonymous_9)
FNDA:0,(anonymous_10)
FNDA:0,(anonymous_11)
FNDA:0,(anonymous_12)
FNDA:0,(anonymous_13)
FNDA:0,(anonymous_14)
FNDA:0,(anonymous_15)
FNDA:0,(anonymous_16)
FNDA:0,(anonymous_17)
FNDA:0,(anonymous_18)
FNDA:0,(anonymous_19)
FNDA:0,(anonymous_20)
FNDA:0,(anonymous_21)
FNDA:0,(anonymous_22)
FNDA:0,(anonymous_23)
FNDA:0,(anonymous_24)
FNDA:0,(anonymous_25)
FNDA:0,(anonymous_26)
DA:1,1
DA:2,1
DA:3,1
DA:4,1
DA:7,1
DA:10,1
DA:11,4
DA:12,4
DA:13,4
DA:14,4
DA:15,4
DA:16,4
DA:19,4
DA:20,2
DA:21,2
DA:22,2
DA:28,2
DA:29,0
DA:32,2
DA:33,2
DA:35,0
DA:37,0
DA:75,2
DA:79,4
DA:80,2
DA:84,4
DA:85,0
DA:86,0
DA:87,0
DA:88,0
DA:93,0
DA:94,0
DA:95,0
DA:97,0
DA:101,4
DA:102,0
DA:106,4
DA:107,0
DA:108,0
DA:111,0
DA:113,0
DA:118,0
DA:119,0
DA:121,0
DA:131,0
DA:141,0
DA:142,0
DA:143,0
DA:146,0
DA:147,0
DA:148,0
DA:150,0
DA:151,0
DA:156,4
DA:157,0
DA:158,0
DA:159,0
DA:166,0
DA:167,0
DA:168,0
DA:171,0
DA:172,0
DA:174,0
DA:175,0
DA:180,4
DA:181,0
DA:182,0
DA:183,0
DA:192,0
DA:193,0
DA:194,0
DA:197,0
DA:198,0
DA:200,0
DA:201,0
DA:206,4
DA:211,0
DA:217,0
DA:233,0
DA:240,0
DA:249,0
DA:251,0
DA:264,0
DA:265,0
DA:267,0
DA:275,0
DA:282,0
DA:290,4
DA:298,0
DA:361,0
DA:362,0
DA:375,0
DA:376,0
DA:433,1
LF:94
LH:30
BRDA:28,0,0,0
BRDA:28,0,1,2
BRDA:33,1,0,2
BRDA:33,1,1,2
BRDA:35,2,0,0
BRDA:35,2,1,0
BRDA:85,3,0,0
BRDA:85,3,1,0
BRDA:119,4,0,0
BRDA:119,4,1,0
BRDA:119,5,0,0
BRDA:119,5,1,0
BRDA:141,6,0,0
BRDA:141,6,1,0
BRDA:143,7,0,0
BRDA:143,7,1,0
BRDA:143,8,0,0
BRDA:143,8,1,0
BRDA:146,9,0,0
BRDA:146,9,1,0
BRDA:151,10,0,0
BRDA:151,10,1,0
BRDA:151,11,0,0
BRDA:151,11,1,0
BRDA:166,12,0,0
BRDA:166,12,1,0
BRDA:168,13,0,0
BRDA:168,13,1,0
BRDA:175,14,0,0
BRDA:175,14,1,0
BRDA:192,15,0,0
BRDA:192,15,1,0
BRDA:194,16,0,0
BRDA:194,16,1,0
BRDA:201,17,0,0
BRDA:201,17,1,0
BRDA:218,18,0,0
BRDA:218,18,1,0
BRDA:240,19,0,0
BRDA:240,19,1,0
BRDA:241,20,0,0
BRDA:241,20,1,0
BRDA:320,21,0,0
BRDA:320,21,1,4
BRDA:362,22,0,0
BRDA:362,22,1,0
BRDA:376,23,0,0
BRDA:376,23,1,0
BRF:48
BRH:4
end_of_record
TN:
SF:src/contexts/ChatContext.tsx
FN:65,getFromCache
FN:84,saveToCache
FN:99,clearCache
FN:107,(anonymous_3)
FN:120,(anonymous_4)
FN:125,(anonymous_5)
FN:126,(anonymous_6)
FN:150,(anonymous_7)
FN:160,(anonymous_8)
FN:165,(anonymous_9)
FN:187,(anonymous_10)
FN:196,(anonymous_11)
FN:242,(anonymous_12)
FN:257,(anonymous_13)
FN:271,(anonymous_14)
FN:311,(anonymous_15)
FN:329,(anonymous_16)
FN:363,(anonymous_17)
FN:374,(anonymous_18)
FN:391,(anonymous_19)
FN:397,(anonymous_20)
FN:420,(anonymous_21)
FN:437,(anonymous_22)
FN:443,(anonymous_23)
FN:466,(anonymous_24)
FN:480,(anonymous_25)
FN:485,(anonymous_26)
FN:525,(anonymous_27)
FN:534,(anonymous_28)
FN:552,(anonymous_29)
FN:570,(anonymous_30)
FN:644,(anonymous_31)
FN:651,(anonymous_32)
FN:690,(anonymous_33)
FN:701,(anonymous_34)
FN:706,(anonymous_35)
FN:707,(anonymous_36)
FN:720,(anonymous_37)
FN:726,(anonymous_38)
FN:763,(anonymous_39)
FNF:40
FNH:15
FNDA:5,getFromCache
FNDA:10,saveToCache
FNDA:0,clearCache
FNDA:18,(anonymous_3)
FNDA:4,(anonymous_4)
FNDA:0,(anonymous_5)
FNDA:0,(anonymous_6)
FNDA:0,(anonymous_7)
FNDA:0,(anonymous_8)
FNDA:0,(anonymous_9)
FNDA:0,(anonymous_10)
FNDA:0,(anonymous_11)
FNDA:4,(anonymous_12)
FNDA:0,(anonymous_13)
FNDA:0,(anonymous_14)
FNDA:3,(anonymous_15)
FNDA:0,(anonymous_16)
FNDA:0,(anonymous_17)
FNDA:1,(anonymous_18)
FNDA:0,(anonymous_19)
FNDA:1,(anonymous_20)
FNDA:0,(anonymous_21)
FNDA:0,(anonymous_22)
FNDA:0,(anonymous_23)
FNDA:0,(anonymous_24)
FNDA:0,(anonymous_25)
FNDA:0,(anonymous_26)
FNDA:1,(anonymous_27)
FNDA:0,(anonymous_28)
FNDA:0,(anonymous_29)
FNDA:0,(anonymous_30)
FNDA:0,(anonymous_31)
FNDA:5,(anonymous_32)
FNDA:0,(anonymous_33)
FNDA:0,(anonymous_34)
FNDA:4,(anonymous_35)
FNDA:4,(anonymous_36)
FNDA:9,(anonymous_37)
FNDA:18,(anonymous_38)
FNDA:18,(anonymous_39)
DA:1,1
DA:4,1
DA:5,1
DA:55,1
DA:58,1
DA:59,1
DA:60,1
DA:66,5
DA:67,5
DA:68,5
DA:69,0
DA:71,0
DA:72,0
DA:76,0
DA:78,5
DA:85,10
DA:86,10
DA:90,10
DA:92,0
DA:100,0
DA:101,0
DA:103,0
DA:107,1
DA:108,18
DA:111,18
DA:114,18
DA:115,18
DA:116,18
DA:117,18
DA:120,18
DA:121,18
DA:122,18
DA:125,18
DA:126,0
DA:127,0
DA:130,0
DA:141,0
DA:142,0
DA:144,0
DA:150,0
DA:152,0
DA:154,0
DA:160,0
DA:165,18
DA:167,0
DA:168,0
DA:169,0
DA:170,0
DA:173,0
DA:174,0
DA:176,0
DA:177,0
DA:186,0
DA:187,0
DA:188,0
DA:191,0
DA:193,0
DA:195,0
DA:207,0
DA:218,0
DA:220,0
DA:223,0
DA:224,0
DA:229,0
DA:231,0
DA:234,0
DA:235,0
DA:237,0
DA:242,18
DA:243,4
DA:244,4
DA:246,4
DA:247,4
DA:256,4
DA:257,1
DA:258,1
DA:261,3
DA:262,3
DA:265,3
DA:268,3
DA:269,3
DA:271,0
DA:272,0
DA:273,0
DA:275,0
DA:276,0
DA:278,0
DA:279,0
DA:281,0
DA:283,3
DA:285,0
DA:286,0
DA:288,0
DA:291,1
DA:292,1
DA:297,1
DA:299,1
DA:300,1
DA:301,0
DA:303,1
DA:306,4
DA:311,18
DA:312,3
DA:313,3
DA:315,3
DA:316,3
DA:328,3
DA:329,0
DA:330,0
DA:333,3
DA:335,3
DA:336,3
DA:337,3
DA:340,3
DA:342,3
DA:345,3
DA:348,3
DA:349,3
DA:351,0
DA:352,0
DA:356,0
DA:358,3
DA:363,18
DA:364,0
DA:365,0
DA:367,0
DA:369,0
DA:374,18
DA:375,1
DA:376,1
DA:378,1
DA:379,1
DA:390,1
DA:391,0
DA:392,0
DA:395,1
DA:397,1
DA:398,1
DA:400,1
DA:402,1
DA:404,1
DA:405,1
DA:408,0
DA:409,0
DA:413,0
DA:415,1
DA:420,18
DA:421,0
DA:422,0
DA:424,0
DA:425,0
DA:436,0
DA:437,0
DA:438,0
DA:441,0
DA:443,0
DA:444,0
DA:446,0
DA:448,0
DA:450,0
DA:451,0
DA:454,0
DA:455,0
DA:459,0
DA:461,0
DA:466,18
DA:467,0
DA:468,0
DA:470,0
DA:471,0
DA:479,0
DA:480,0
DA:481,0
DA:485,0
DA:486,0
DA:489,0
DA:491,0
DA:494,0
DA:495,0
DA:497,0
DA:498,0
DA:500,0
DA:503,0
DA:504,0
DA:506,0
DA:509,0
DA:513,0
DA:514,0
DA:518,0
DA:520,0
DA:525,18
DA:526,1
DA:529,1
DA:534,0
DA:541,1
DA:542,1
DA:543,1
DA:544,1
DA:545,1
DA:546,1
DA:548,1
DA:550,1
DA:552,0
DA:560,1
DA:570,1
DA:571,0
DA:576,1
DA:578,0
DA:580,0
DA:586,0
DA:587,0
DA:590,1
DA:596,1
DA:597,1
DA:600,1
DA:603,0
DA:606,0
DA:608,0
DA:609,0
DA:611,0
DA:612,0
DA:614,0
DA:615,0
DA:617,0
DA:618,0
DA:620,0
DA:626,1
DA:627,0
DA:630,0
DA:631,0
DA:635,0
DA:638,0
DA:644,0
DA:646,1
DA:651,18
DA:652,5
DA:654,5
DA:655,5
DA:656,5
DA:659,5
DA:660,0
DA:664,5
DA:672,5
DA:673,1
DA:676,4
DA:677,4
DA:680,4
DA:682,0
DA:690,0
DA:693,0
DA:696,1
DA:701,18
DA:702,0
DA:706,18
DA:707,4
DA:709,4
DA:710,4
DA:711,4
DA:712,4
DA:716,4
DA:720,18
DA:721,9
DA:722,1
DA:726,18
DA:755,18
DA:763,1
DA:764,18
DA:765,18
DA:766,0
DA:768,18
LF:270
LH:130
BRDA:68,0,0,0
BRDA:68,0,1,5
BRDA:71,1,0,0
BRDA:71,1,1,0
BRDA:120,2,0,4
BRDA:120,2,1,4
BRDA:127,3,0,0
BRDA:127,3,1,0
BRDA:131,4,0,0
BRDA:131,4,1,0
BRDA:133,5,0,0
BRDA:133,5,1,0
BRDA:152,6,0,0
BRDA:152,6,1,0
BRDA:168,7,0,0
BRDA:168,7,1,0
BRDA:186,8,0,0
BRDA:186,8,1,0
BRDA:186,9,0,0
BRDA:186,9,1,0
BRDA:187,10,0,0
BRDA:187,10,1,0
BRDA:188,11,0,0
BRDA:188,11,1,0
BRDA:193,12,0,0
BRDA:193,12,1,0
BRDA:193,13,0,0
BRDA:193,13,1,0
BRDA:195,14,0,0
BRDA:195,14,1,0
BRDA:208,15,0,0
BRDA:208,15,1,0
BRDA:208,15,2,0
BRDA:212,16,0,0
BRDA:212,16,1,0
BRDA:223,17,0,0
BRDA:223,17,1,0
BRDA:256,18,0,1
BRDA:256,18,1,3
BRDA:256,19,0,4
BRDA:256,19,1,3
BRDA:257,20,0,0
BRDA:257,20,1,1
BRDA:258,21,0,1
BRDA:258,21,1,1
BRDA:269,22,0,0
BRDA:269,22,1,3
BRDA:272,23,0,0
BRDA:272,23,1,0
BRDA:276,24,0,0
BRDA:276,24,1,0
BRDA:283,25,0,0
BRDA:283,25,1,3
BRDA:291,26,0,1
BRDA:291,26,1,0
BRDA:300,27,0,0
BRDA:300,27,1,1
BRDA:300,28,0,1
BRDA:300,28,1,0
BRDA:328,29,0,0
BRDA:328,29,1,3
BRDA:328,30,0,3
BRDA:328,30,1,3
BRDA:329,31,0,0
BRDA:329,31,1,0
BRDA:330,32,0,0
BRDA:330,32,1,0
BRDA:351,33,0,0
BRDA:351,33,1,0
BRDA:364,34,0,0
BRDA:364,34,1,0
BRDA:390,35,0,0
BRDA:390,35,1,1
BRDA:390,36,0,1
BRDA:390,36,1,1
BRDA:391,37,0,0
BRDA:391,37,1,0
BRDA:392,38,0,0
BRDA:392,38,1,0
BRDA:398,39,0,1
BRDA:398,39,1,0
BRDA:404,40,0,1
BRDA:404,40,1,0
BRDA:408,41,0,0
BRDA:408,41,1,0
BRDA:436,42,0,0
BRDA:436,42,1,0
BRDA:436,43,0,0
BRDA:436,43,1,0
BRDA:437,44,0,0
BRDA:437,44,1,0
BRDA:438,45,0,0
BRDA:438,45,1,0
BRDA:444,46,0,0
BRDA:444,46,1,0
BRDA:450,47,0,0
BRDA:450,47,1,0
BRDA:454,48,0,0
BRDA:454,48,1,0
BRDA:479,49,0,0
BRDA:479,49,1,0
BRDA:479,50,0,0
BRDA:479,50,1,0
BRDA:480,51,0,0
BRDA:480,51,1,0
BRDA:481,52,0,0
BRDA:481,52,1,0
BRDA:494,53,0,0
BRDA:494,53,1,0
BRDA:495,54,0,0
BRDA:495,54,1,0
BRDA:513,55,0,0
BRDA:513,55,1,0
BRDA:526,56,0,0
BRDA:526,56,1,1
BRDA:526,57,0,1
BRDA:526,57,1,0
BRDA:537,58,0,0
BRDA:537,58,1,0
BRDA:537,58,2,0
BRDA:576,59,0,0
BRDA:576,59,1,1
BRDA:576,60,0,1
BRDA:576,60,1,1
BRDA:578,61,0,0
BRDA:578,61,1,0
BRDA:592,62,0,1
BRDA:592,62,1,1
BRDA:600,63,0,0
BRDA:600,63,1,1
BRDA:600,64,0,1
BRDA:600,64,1,0
BRDA:606,65,0,0
BRDA:606,65,1,0
BRDA:609,66,0,0
BRDA:609,66,1,0
BRDA:612,67,0,0
BRDA:612,67,1,0
BRDA:615,68,0,0
BRDA:615,68,1,0
BRDA:618,69,0,0
BRDA:618,69,1,0
BRDA:626,70,0,0
BRDA:626,70,1,1
BRDA:630,71,0,0
BRDA:630,71,1,0
BRDA:659,72,0,0
BRDA:659,72,1,5
BRDA:659,73,0,5
BRDA:659,73,1,0
BRDA:672,74,0,1
BRDA:672,74,1,4
BRDA:672,75,0,5
BRDA:672,75,1,4
BRDA:680,76,0,0
BRDA:680,76,1,4
BRDA:710,77,0,4
BRDA:710,77,1,0
BRDA:721,78,0,1
BRDA:721,78,1,8
BRDA:721,79,0,9
BRDA:721,79,1,2
BRDA:765,80,0,0
BRDA:765,80,1,18
BRF:164
BRH:46
end_of_record
TN:
SF:src/contexts/RecordContext.tsx
FN:32,getFromCache
FN:50,setToCache
FN:61,removeFromCache
FN:69,(anonymous_12)
FN:77,(anonymous_13)
FN:94,(anonymous_14)
FN:118,(anonymous_15)
FN:123,(anonymous_16)
FN:138,(anonymous_17)
FN:152,(anonymous_18)
FN:168,(anonymous_19)
FN:183,(anonymous_20)
FN:198,(anonymous_21)
FN:198,(anonymous_22)
FN:211,(anonymous_23)
FN:211,(anonymous_24)
FN:229,(anonymous_25)
FN:242,(anonymous_26)
FN:246,(anonymous_27)
FN:246,(anonymous_28)
FN:256,(anonymous_29)
FN:256,(anonymous_30)
FN:263,(anonymous_31)
FN:268,(anonymous_32)
FN:272,(anonymous_33)
FN:276,(anonymous_34)
FN:303,(anonymous_35)
FNF:27
FNH:10
FNDA:2,getFromCache
FNDA:7,setToCache
FNDA:1,removeFromCache
FNDA:25,(anonymous_12)
FNDA:9,(anonymous_13)
FNDA:0,(anonymous_14)
FNDA:8,(anonymous_15)
FNDA:1,(anonymous_16)
FNDA:0,(anonymous_17)
FNDA:1,(anonymous_18)
FNDA:0,(anonymous_19)
FNDA:0,(anonymous_20)
FNDA:0,(anonymous_21)
FNDA:0,(anonymous_22)
FNDA:0,(anonymous_23)
FNDA:0,(anonymous_24)
FNDA:0,(anonymous_25)
FNDA:0,(anonymous_26)
FNDA:0,(anonymous_27)
FNDA:0,(anonymous_28)
FNDA:0,(anonymous_29)
FNDA:0,(anonymous_30)
FNDA:0,(anonymous_31)
FNDA:13,(anonymous_32)
FNDA:0,(anonymous_33)
FNDA:0,(anonymous_34)
FNDA:30,(anonymous_35)
DA:1,2
DA:4,2
DA:25,2
DA:28,2
DA:29,2
DA:33,2
DA:34,2
DA:35,2
DA:36,0
DA:38,0
DA:39,0
DA:42,0
DA:45,0
DA:47,2
DA:51,7
DA:52,7
DA:57,0
DA:62,1
DA:63,1
DA:65,0
DA:69,2
DA:70,25
DA:71,25
DA:72,25
DA:73,25
DA:74,25
DA:77,25
DA:78,9
DA:79,9
DA:81,9
DA:82,9
DA:93,9
DA:94,0
DA:95,0
DA:98,7
DA:99,7
DA:100,7
DA:102,7
DA:104,2
DA:105,2
DA:110,2
DA:111,2
DA:113,9
DA:118,25
DA:119,8
DA:123,25
DA:124,1
DA:125,1
DA:127,1
DA:128,1
DA:138,1
DA:139,0
DA:142,1
DA:144,0
DA:145,0
DA:148,0
DA:151,1
DA:152,1
DA:154,1
DA:156,0
DA:157,0
DA:161,0
DA:163,1
DA:168,25
DA:169,0
DA:170,0
DA:172,0
DA:173,0
DA:183,0
DA:184,0
DA:187,0
DA:189,0
DA:190,0
DA:193,0
DA:194,0
DA:197,0
DA:198,0
DA:199,0
DA:202,0
DA:204,0
DA:205,0
DA:210,0
DA:211,0
DA:212,0
DA:213,0
DA:219,0
DA:222,0
DA:224,0
DA:229,25
DA:230,0
DA:231,0
DA:233,0
DA:234,0
DA:241,0
DA:242,0
DA:243,0
DA:246,0
DA:248,0
DA:250,0
DA:251,0
DA:256,0
DA:258,0
DA:263,25
DA:264,0
DA:268,25
DA:269,13
DA:271,13
DA:272,0
DA:275,13
DA:276,0
DA:279,13
DA:282,25
DA:303,2
DA:304,30
DA:305,30
DA:306,0
DA:308,30
LF:117
LH:60
BRDA:35,0,0,0
BRDA:35,0,1,2
BRDA:38,1,0,0
BRDA:38,1,1,0
BRDA:93,2,0,0
BRDA:93,2,1,7
BRDA:99,3,0,7
BRDA:99,3,1,5
BRDA:104,4,0,2
BRDA:104,4,1,0
BRDA:111,5,0,2
BRDA:111,5,1,2
BRDA:142,6,0,0
BRDA:142,6,1,1
BRDA:144,7,0,0
BRDA:144,7,1,0
BRDA:145,8,0,0
BRDA:145,8,1,0
BRDA:148,9,0,0
BRDA:148,9,1,0
BRDA:156,10,0,0
BRDA:156,10,1,0
BRDA:187,11,0,0
BRDA:187,11,1,0
BRDA:189,12,0,0
BRDA:189,12,1,0
BRDA:190,13,0,0
BRDA:190,13,1,0
BRDA:194,14,0,0
BRDA:194,14,1,0
BRDA:199,15,0,0
BRDA:199,15,1,0
BRDA:204,16,0,0
BRDA:204,16,1,0
BRDA:210,17,0,0
BRDA:210,17,1,0
BRDA:212,18,0,0
BRDA:212,18,1,0
BRDA:241,19,0,0
BRDA:241,19,1,0
BRDA:250,20,0,0
BRDA:250,20,1,0
BRDA:271,21,0,0
BRDA:271,21,1,13
BRDA:275,22,0,0
BRDA:275,22,1,13
BRDA:305,23,0,0
BRDA:305,23,1,30
BRF:48
BRH:11
end_of_record
TN:
SF:src/contexts/ThemeContext.tsx
FN:131,(anonymous_0)
FN:138,(anonymous_1)
FN:144,(anonymous_2)
FN:145,(anonymous_3)
FN:148,(anonymous_4)
FN:156,(anonymous_5)
FN:173,(anonymous_6)
FN:189,(anonymous_7)
FN:201,(anonymous_8)
FN:216,(anonymous_9)
FNF:10
FNH:8
FNDA:21,(anonymous_0)
FNDA:64,(anonymous_1)
FNDA:8,(anonymous_2)
FNDA:48,(anonymous_3)
FNDA:64,(anonymous_4)
FNDA:0,(anonymous_5)
FNDA:8,(anonymous_6)
FNDA:8,(anonymous_7)
FNDA:13,(anonymous_8)
FNDA:0,(anonymous_9)
DA:1,2
DA:3,2
DA:34,2
DA:37,2
DA:131,2
DA:132,21
DA:134,21
DA:135,21
DA:138,21
DA:139,64
DA:140,64
DA:144,21
DA:145,48
DA:146,8
DA:147,8
DA:148,8
DA:149,64
DA:150,64
DA:156,21
DA:157,0
DA:158,0
DA:159,0
DA:162,0
DA:163,0
DA:164,0
DA:166,0
DA:173,21
DA:174,8
DA:176,8
DA:177,8
DA:178,8
DA:179,8
DA:180,8
DA:182,0
DA:183,0
DA:184,0
DA:189,21
DA:190,8
DA:191,0
DA:192,0
DA:193,0
DA:194,0
DA:195,0
DA:201,21
DA:208,21
DA:216,2
DA:217,0
DA:218,0
DA:219,0
DA:221,0
DA:224,2
LF:51
LH:32
BRDA:140,0,0,64
BRDA:140,0,1,0
BRDA:146,1,0,8
BRDA:146,1,1,0
BRDA:162,2,0,0
BRDA:162,2,1,0
BRDA:178,3,0,8
BRDA:178,3,1,8
BRDA:178,3,2,8
BRDA:190,4,0,0
BRDA:190,4,1,8
BRDA:192,5,0,0
BRDA:192,5,1,0
BRDA:218,6,0,0
BRDA:218,6,1,0
BRF:15
BRH:6
end_of_record
TN:
SF:src/contexts/UserContext.tsx
FN:32,(anonymous_1)
FN:51,(anonymous_2)
FN:66,(anonymous_3)
FN:70,(anonymous_4)
FN:71,(anonymous_5)
FN:76,(anonymous_6)
FN:99,(anonymous_7)
FN:187,(anonymous_8)
FN:192,(anonymous_9)
FN:193,(anonymous_10)
FN:203,(anonymous_11)
FN:209,(anonymous_12)
FN:229,(anonymous_13)
FN:278,(anonymous_14)
FN:292,(anonymous_15)
FN:297,(anonymous_16)
FN:301,(anonymous_17)
FN:319,(anonymous_18)
FNF:18
FNH:11
FNDA:8,(anonymous_1)
FNDA:8,(anonymous_2)
FNDA:0,(anonymous_3)
FNDA:21,(anonymous_4)
FNDA:8,(anonymous_5)
FNDA:8,(anonymous_6)
FNDA:0,(anonymous_7)
FNDA:8,(anonymous_8)
FNDA:8,(anonymous_9)
FNDA:0,(anonymous_10)
FNDA:8,(anonymous_11)
FNDA:0,(anonymous_12)
FNDA:0,(anonymous_13)
FNDA:0,(anonymous_14)
FNDA:0,(anonymous_15)
FNDA:13,(anonymous_16)
FNDA:21,(anonymous_17)
FNDA:21,(anonymous_18)
DA:1,2
DA:4,2
DA:5,2
DA:23,2
DA:26,2
DA:27,2
DA:32,2
DA:33,8
DA:34,8
DA:35,8
DA:36,0
DA:38,0
DA:39,0
DA:43,0
DA:45,8
DA:51,2
DA:52,8
DA:53,8
DA:57,8
DA:59,0
DA:66,2
DA:67,0
DA:70,2
DA:71,21
DA:72,21
DA:73,21
DA:76,21
DA:78,8
DA:79,8
DA:80,0
DA:81,0
DA:82,0
DA:85,8
DA:86,8
DA:88,8
DA:89,8
DA:98,8
DA:99,2
DA:100,2
DA:103,6
DA:106,6
DA:107,0
DA:111,6
DA:112,6
DA:113,6
DA:116,6
DA:117,6
DA:119,0
DA:120,6
DA:122,0
DA:125,6
DA:142,6
DA:143,6
DA:146,6
DA:147,0
DA:150,2
DA:151,2
DA:157,2
DA:158,2
DA:174,2
DA:175,2
DA:178,2
DA:179,2
DA:182,8
DA:187,21
DA:188,8
DA:192,21
DA:193,8
DA:194,0
DA:195,0
DA:200,8
DA:203,8
DA:204,8
DA:209,21
DA:210,0
DA:211,0
DA:212,0
DA:215,0
DA:216,0
DA:218,0
DA:219,0
DA:228,0
DA:229,0
DA:230,0
DA:233,0
DA:236,0
DA:237,0
DA:238,0
DA:241,0
DA:242,0
DA:244,0
DA:245,0
DA:247,0
DA:250,0
DA:267,0
DA:268,0
DA:270,0
DA:271,0
DA:277,0
DA:278,0
DA:279,0
DA:280,0
DA:281,0
DA:282,0
DA:284,0
DA:287,0
DA:292,21
DA:293,0
DA:297,21
DA:298,13
DA:301,21
DA:311,21
DA:319,2
DA:320,21
DA:321,21
DA:322,0
DA:324,21
LF:117
LH:68
BRDA:35,0,0,0
BRDA:35,0,1,8
BRDA:38,1,0,0
BRDA:38,1,1,0
BRDA:79,2,0,0
BRDA:79,2,1,8
BRDA:98,3,0,2
BRDA:98,3,1,6
BRDA:98,4,0,8
BRDA:98,4,1,6
BRDA:99,5,0,0
BRDA:99,5,1,2
BRDA:100,6,0,2
BRDA:100,6,1,2
BRDA:106,7,0,0
BRDA:106,7,1,6
BRDA:111,8,0,6
BRDA:111,8,1,6
BRDA:117,9,0,0
BRDA:117,9,1,6
BRDA:120,10,0,0
BRDA:120,10,1,6
BRDA:122,11,0,0
BRDA:122,11,1,0
BRDA:122,12,0,0
BRDA:122,12,1,0
BRDA:126,13,0,6
BRDA:126,13,1,6
BRDA:127,14,0,6
BRDA:127,14,1,6
BRDA:127,14,2,6
BRDA:128,15,0,6
BRDA:128,15,1,6
BRDA:129,16,0,6
BRDA:129,16,1,6
BRDA:130,17,0,6
BRDA:130,17,1,6
BRDA:131,18,0,6
BRDA:131,18,1,6
BRDA:132,19,0,6
BRDA:132,19,1,6
BRDA:133,20,0,6
BRDA:133,20,1,6
BRDA:135,21,0,6
BRDA:135,21,1,6
BRDA:137,22,0,0
BRDA:137,22,1,6
BRDA:146,23,0,0
BRDA:146,23,1,6
BRDA:146,24,0,6
BRDA:146,24,1,0
BRDA:150,25,0,2
BRDA:150,25,1,0
BRDA:178,26,0,2
BRDA:178,26,1,0
BRDA:178,27,0,2
BRDA:178,27,1,2
BRDA:194,28,0,0
BRDA:194,28,1,0
BRDA:211,29,0,0
BRDA:211,29,1,0
BRDA:228,30,0,0
BRDA:228,30,1,0
BRDA:230,31,0,0
BRDA:230,31,1,0
BRDA:236,32,0,0
BRDA:236,32,1,0
BRDA:242,33,0,0
BRDA:242,33,1,0
BRDA:245,34,0,0
BRDA:245,34,1,0
BRDA:247,35,0,0
BRDA:247,35,1,0
BRDA:247,36,0,0
BRDA:247,36,1,0
BRDA:251,37,0,0
BRDA:251,37,1,0
BRDA:252,38,0,0
BRDA:252,38,1,0
BRDA:252,38,2,0
BRDA:253,39,0,0
BRDA:253,39,1,0
BRDA:254,40,0,0
BRDA:254,40,1,0
BRDA:255,41,0,0
BRDA:255,41,1,0
BRDA:256,42,0,0
BRDA:256,42,1,0
BRDA:257,43,0,0
BRDA:257,43,1,0
BRDA:258,44,0,0
BRDA:258,44,1,0
BRDA:260,45,0,0
BRDA:260,45,1,0
BRDA:262,46,0,0
BRDA:262,46,1,0
BRDA:270,47,0,0
BRDA:270,47,1,0
BRDA:279,48,0,0
BRDA:279,48,1,0
BRDA:298,49,0,13
BRDA:298,49,1,5
BRDA:321,50,0,0
BRDA:321,50,1,21
BRF:104
BRH:43
end_of_record
TN:
SF:src/services/websocketService.ts
FN:21,(anonymous_0)
FN:30,(anonymous_1)
FN:44,(anonymous_2)
FN:51,(anonymous_3)
FN:55,(anonymous_4)
FN:61,(anonymous_5)
FN:66,(anonymous_6)
FN:70,(anonymous_7)
FN:74,(anonymous_8)
FN:78,(anonymous_9)
FN:82,(anonymous_10)
FN:86,(anonymous_11)
FN:90,(anonymous_12)
FN:94,(anonymous_13)
FN:106,(anonymous_14)
FN:111,(anonymous_15)
FN:122,(anonymous_16)
FN:134,(anonymous_17)
FN:145,(anonymous_18)
FN:155,(anonymous_19)
FN:158,(anonymous_20)
FN:165,(anonymous_21)
FN:168,(anonymous_22)
FN:181,(anonymous_23)
FN:192,(anonymous_24)
FN:205,(anonymous_25)
FNF:26
FNH:14
FNDA:8,(anonymous_0)
FNDA:8,(anonymous_1)
FNDA:4,(anonymous_2)
FNDA:0,(anonymous_3)
FNDA:0,(anonymous_4)
FNDA:0,(anonymous_5)
FNDA:0,(anonymous_6)
FNDA:0,(anonymous_7)
FNDA:1,(anonymous_8)
FNDA:1,(anonymous_9)
FNDA:0,(anonymous_10)
FNDA:0,(anonymous_11)
FNDA:0,(anonymous_12)
FNDA:0,(anonymous_13)
FNDA:0,(anonymous_14)
FNDA:0,(anonymous_15)
FNDA:4,(anonymous_16)
FNDA:0,(anonymous_17)
FNDA:2,(anonymous_18)
FNDA:1,(anonymous_19)
FNDA:1,(anonymous_20)
FNDA:2,(anonymous_21)
FNDA:1,(anonymous_22)
FNDA:1,(anonymous_23)
FNDA:7,(anonymous_24)
FNDA:1,(anonymous_25)
DA:6,3
DA:9,3
DA:10,3
DA:11,3
DA:12,3
DA:13,3
DA:14,3
DA:15,3
DA:16,3
DA:22,8
DA:23,8
DA:24,8
DA:31,8
DA:32,0
DA:35,8
DA:37,8
DA:39,8
DA:44,8
DA:45,4
DA:46,4
DA:47,4
DA:48,4
DA:51,8
DA:52,0
DA:55,8
DA:56,0
DA:57,0
DA:58,0
DA:61,8
DA:62,0
DA:63,0
DA:66,8
DA:67,0
DA:70,8
DA:71,0
DA:74,8
DA:75,1
DA:78,8
DA:79,1
DA:82,8
DA:83,0
DA:86,8
DA:87,0
DA:90,8
DA:91,0
DA:94,8
DA:95,0
DA:98,0
DA:99,0
DA:107,0
DA:108,0
DA:109,0
DA:111,0
DA:112,0
DA:115,0
DA:123,4
DA:124,4
DA:135,0
DA:136,0
DA:138,0
DA:146,2
DA:147,2
DA:149,2
DA:156,1
DA:157,1
DA:158,1
DA:166,2
DA:167,2
DA:168,2
DA:169,1
DA:170,1
DA:172,0
DA:182,1
DA:183,1
DA:185,0
DA:193,7
DA:194,6
DA:195,6
DA:196,6
DA:197,6
DA:198,6
DA:206,1
DA:211,3
DA:212,3
LF:84
LH:58
BRDA:31,0,0,0
BRDA:31,0,1,8
BRDA:31,1,0,8
BRDA:31,1,1,0
BRDA:107,2,0,0
BRDA:107,2,1,0
BRDA:123,3,0,4
BRDA:123,3,1,0
BRDA:123,4,0,4
BRDA:123,4,1,4
BRDA:123,4,2,4
BRDA:123,4,3,4
BRDA:146,5,0,2
BRDA:146,5,1,0
BRDA:157,6,0,1
BRDA:157,6,1,0
BRDA:167,7,0,2
BRDA:167,7,1,0
BRDA:182,8,0,1
BRDA:182,8,1,0
BRDA:182,9,0,1
BRDA:182,9,1,1
BRDA:193,10,0,6
BRDA:193,10,1,1
BRF:24
BRH:15
end_of_record
TN:
SF:src/utils/env.ts
FNF:0
FNH:0
DA:4,3
DA:7,3
DA:9,3
DA:10,3
DA:13,0
DA:14,0
DA:18,3
LF:7
LH:5
BRDA:7,0,0,3
BRDA:7,0,1,0
BRDA:9,1,0,3
BRDA:9,1,1,0
BRDA:13,2,0,0
BRDA:13,2,1,0
BRF:6
BRH:2
end_of_record
